[  1%] Built target drivers_board
[  1%] Built target uorb_headers
[  1%] Built target ver_gen
[  1%] Built target parameters_xml
[  1%] Built target git_ecl
[  1%] Built target mixer_gen
[  1%] Built target mixer_gen_6dof
[  1%] Built target git_gps_devices
[  1%] Built target component_information_header
[  1%] Built target git_mavlink_v2
[  1%] [34m[1mGenerating ../../logs[0m
[  1%] Built target tinybson
[  1%] Built target logs_symlink
[  1%] Built target perf
[  2%] Built target work_queue
[  2%] Built target component_general_json
[  2%] Built target ecl_airdata
[  2%] Built target ecl_geo
[  2%] Built target ecl_geo_lookup
[  3%] Built target MixerBase
[ 22%] Built target uorb_msgs
[ 22%] Built target output_limit
[ 23%] Built target rc
[ 25%] Built target version
[ 25%] Built target generate_topic_listener
[ 27%] Built target romfs_gen_files_target
[ 27%] Built target parameters
[ 30%] Built target ecl_EKF
[ 30%] Built target SimpleMixer
[ 30%] Built target AllocatedActuatorMixer
[ 30%] Built target HelicopterMixer
[ 30%] Built target MultirotorMixer
[ 30%] Built target NullMixer
[ 30%] Built target px4_work_queue
[ 30%] Built target mixer
[ 31%] Built target uORB
[ 33%] Built target px4_platform
[ 33%] Built target lockstep_scheduler
[ 33%] Built target px4_daemon
[ 34%] Built target px4_layer
[ 35%] Built target cdev
[ 35%] Built target bezier
[ 35%] Built target mathlib
[ 38%] Built target systemlib
[ 38%] Built target AirspeedValidator
[ 38%] Built target conversion
[ 38%] Built target hysteresis
[ 39%] Built target landing_slope
[ 39%] Built target l1
[ 40%] Built target drivers__device
[ 41%] Built target CollisionPrevention
[ 41%] Built target battery
[ 41%] Built target circuit_breaker
[ 41%] Built target airspeed
[ 42%] Built target controllib
[ 42%] Built target drivers_barometer
[ 42%] Built target tecs
[ 43%] Built target tunes
[ 44%] Built target motion_planning
[ 44%] Built target pid
[ 45%] Built target SlewRate
[ 46%] Built target arch_tone_alarm
[ 47%] Built target mixer_module
[ 47%] Built target drivers__camera_capture
[ 47%] Built target WeatherVane
[ 48%] Built target lib__work_queue__test__wqueue_test
[ 48%] Built target modules__uORB__uORB_tests
[ 50%] Built target drivers__camera_trigger
[ 50%] Built target examples__rpm_simulator
[ 51%] Built target drivers__gps
[ 51%] Built target modules__airship_att_control
[ 51%] Built target ArmAuthorization
[ 51%] Built target modules__airspeed_selector
[ 52%] Built target modules__commander__commander_tests
[ 52%] Built target HealthFlags
[ 52%] Built target failure_detector
[ 52%] Built target modules__attitude_estimator_q
[ 52%] Built target modules__dataman
[ 53%] Built target modules__camera_feedback
[ 53%] Built target launchdetection
[ 54%] Built target FlightTask
[ 54%] Built target runway_takeoff
[ 54%] Built target modules__events
[ 54%] Built target EKF2Utility
[ 55%] Built target modules__fw_att_control
[ 55%] Built target modules__gyro_calibration
[ 56%] Built target modules__gyro_fft
[ 57%] Built target modules__landing_target_estimator
[ 57%] Built target AttitudeControl
[ 58%] Built target modules__land_detector
[ 59%] Built target modules__logger
[ 59%] Built target modules__load_mon
[ 60%] Built target PositionControl
[ 61%] Built target zero_order_hover_thrust_ekf
[ 61%] Built target geofence_breach_avoidance
[ 61%] Built target RateControl
[ 63%] Built target modules__local_position_estimator
[ 63%] Built target Takeoff
[ 63%] Built target modules__rc_update
[ 63%] Built target modules__mavlink__mavlink_tests
[ 64%] Built target modules__replay
[ 64%] Built target vehicle_air_data
[ 64%] Built target data_validator
[ 64%] Built target modules__rover_pos_control
[ 65%] Built target vehicle_gps_position
[ 65%] Built target modules__simulator__battery_simulator
[ 65%] Built target modules__uuv_pos_control
[ 65%] Built target modules__uuv_att_control
[ 65%] Built target systemcmds__dyn
[ 66%] Built target drivers__vmount
[ 67%] Built target modules__temperature_compensation
[ 67%] Built target systemcmds__esc_calib
[ 68%] Built target modules__vtol_att_control
[ 68%] Built target systemcmds__failure
[ 68%] Built target systemcmds__mixer
[ 69%] Built target systemcmds__led_control
[ 69%] Built target systemcmds__motor_ramp
[ 69%] Built target systemcmds__param
[ 69%] Built target systemcmds__motor_test
[ 70%] Built target systemcmds__perf
[ 70%] Built target systemcmds__shutdown
[ 70%] Built target systemcmds__pwm
[ 70%] Built target systemcmds__sd_bench
[ 71%] Built target systemcmds__tests__hrt_test
[ 71%] Built target systemcmds__system_time
[ 71%] Built target systemcmds__ver
[ 71%] Built target systemcmds__uorb
[ 77%] Built target systemcmds__tests
[ 77%] Built target systemcmds__topic_listener
[ 77%] Built target systemcmds__work_queue
[ 78%] Built target systemcmds__tune_control
[ 78%] Built target examples__hello
[ 78%] Built target modules__fake_gps
[ 79%] Built target examples__px4_mavlink_debug
[ 79%] Built target examples__fixedwing_control
[ 79%] Built target examples__px4_simple_app
[ 79%] Built target examples__uuv_example_app
[ 79%] Built target examples__rover_steering_control
[ 80%] Built target examples__work_item
[ 80%] Built target drivers_accelerometer
[ 80%] Built target lib__controllib__controllib_test
[ 81%] Built target lib__cdev__test__cdev_test
[ 81%] Built target avoidance
[ 81%] Built target drivers_gyroscope
[ 81%] Built target drivers_magnetometer
[ 81%] Built target lib__rc__rc_tests
[ 82%] Built target drivers__tone_alarm
[ 82%] Built target drivers__pwm_out_sim
[ 82%] Built target sensor_calibration
[ 82%] Built target modules__ekf2
[ 82%] Built target FlightTaskDescend
[ 83%] Built target FlightTaskUtility
[ 83%] Built target FlightTaskFailsafe
[ 83%] Built target FlightTaskTransition
[ 84%] Built target modules__mc_att_control
[ 84%] Built target modules__fw_pos_control_l1
[ 84%] Built target modules__mc_hover_thrust_estimator
[ 84%] Built target modules__mc_rate_control
[ 84%] Built target modules__mc_pos_control
[ 86%] Built target modules__navigator
[ 88%] Built target modules__simulator
[ 88%] Built target modules__fake_imu
[ 89%] Built target examples__fake_magnetometer
[ 89%] Built target vehicle_acceleration
[ 89%] Built target vehicle_angular_velocity
[ 91%] Built target PreFlightCheck
[ 91%] Built target vehicle_imu
[ 91%] Built target vehicle_magnetometer
[ 91%] Built target FlightTaskAuto
[ 91%] Built target FlightTaskManualAltitude
[ 93%] Built target modules__mavlink
[ 94%] Built target modules__commander
[ 94%] Built target FlightTaskManualAltitudeSmoothVel
[ 94%] Built target FlightTaskManualPosition
[ 94%] Built target FlightTaskAutoMapper
[ 95%] Built target FlightTaskAutoFollowMe
[ 95%] Built target modules__sensors
[ 97%] Built target FlightTaskManualPositionSmoothVel
[ 97%] Built target FlightTaskAutoLineSmoothVel
[ 97%] Built target FlightTaskManualAcceleration
[ 97%] Built target FlightTaskOrbit
[ 98%] Built target modules__flight_mode_manager
[100%] Built target px4
[100%] Built target examples__dyn_hello
