[  1%] Built target drivers_board
[  1%] Built target git_ecl
[  1%] Built target ver_gen
[  1%] Built target mixer_gen_6dof
[  1%] Built target parameters_xml
[  1%] Built target mixer_gen
[  1%] Built target uorb_headers
[  1%] Built target git_gps_devices
[  1%] Built target git_mavlink_v2
[  1%] [34m[1mGenerating ../../logs[0m
[  1%] Built target component_general_json
[  1%] Built target logs_symlink
[  1%] Built target ecl_airdata
[  1%] Built target ecl_geo
[  1%] Built target ecl_geo_lookup
[  2%] Built target MixerBase
[  2%] Built target output_limit
[  4%] Built target rc
[  4%] Built target version
[  4%] Built target component_information_header
[  4%] Built target tinybson
[  4%] Built target perf
[  5%] Built target work_queue
[  5%] Built target SimpleMixer
[  8%] Built target romfs_gen_files_target
[  9%] Built target ecl_EKF
[  9%] Built target MultirotorMixer
[  9%] Built target NullMixer
[  9%] Built target AllocatedActuatorMixer
[  9%] Built target HelicopterMixer
[ 29%] Built target uorb_msgs
[ 29%] Built target mixer
[ 29%] Built target generate_topic_listener
[ 30%] Built target parameters
[ 30%] Built target px4_work_queue
[ 31%] Built target uORB
[ 33%] Built target px4_platform
[ 33%] Built target lockstep_scheduler
[ 33%] Built target px4_daemon
[ 34%] Built target px4_layer
[ 35%] Built target cdev
[ 36%] Built target circuit_breaker
[ 36%] Built target hysteresis
[ 36%] Built target AirspeedValidator
[ 36%] Built target airspeed
[ 38%] Built target conversion
[ 38%] Built target battery
[ 40%] Built target CollisionPrevention
[ 40%] Built target landing_slope
[ 40%] Built target l1
[ 40%] Built target mathlib
[ 36%] Built target bezier
[ 41%] Built target drivers__device
[ 36%] Built target systemlib
[ 41%] Built target drivers_barometer
[ 42%] Built target controllib
[ 43%] Built target tecs
[ 43%] Built target tunes
[ 44%] Built target SlewRate
[ 44%] Built target pid
[ 44%] Built target sensor_calibration
[ 45%] Built target WeatherVane
[ 45%] Built target lib__work_queue__test__wqueue_test
[ 46%] Built target arch_tone_alarm
[ 47%] Built target modules__uORB__uORB_tests
[ 47%] Built target drivers__camera_trigger
[ 48%] Built target drivers__gps
[ 48%] Built target examples__rpm_simulator
[ 48%] Built target drivers__camera_capture
[ 50%] Built target mixer_module
[ 51%] Built target motion_planning
[ 53%] Built target modules__airship_att_control
[ 53%] Built target modules__attitude_estimator_q
[ 53%] Built target runway_takeoff
[ 53%] Built target modules__commander__commander_tests
[ 53%] Built target modules__events
[ 53%] Built target failure_detector
[ 53%] Built target FlightTask
[ 53%] Built target EKF2Utility
[ 53%] Built target modules__dataman
[ 53%] Built target ArmAuthorization
[ 53%] Built target launchdetection
[ 53%] Built target HealthFlags
[ 54%] Built target modules__camera_feedback
[ 53%] Built target modules__airspeed_selector
[ 55%] Built target modules__fw_att_control
[ 56%] Built target modules__load_mon
[ 56%] Built target AttitudeControl
[ 56%] Built target PositionControl
[ 56%] Built target Takeoff
[ 57%] Built target zero_order_hover_thrust_ekf
[ 57%] Built target geofence_breach_avoidance
[ 57%] Built target modules__gyro_calibration
[ 58%] Built target RateControl
[ 58%] Built target modules__landing_target_estimator
[ 60%] Built target modules__gyro_fft
[ 60%] Built target modules__logger
[ 61%] Built target modules__land_detector
[ 61%] Built target modules__rc_update
[ 63%] Built target modules__local_position_estimator
[ 63%] Built target modules__mavlink__mavlink_tests
[ 63%] Built target data_validator
[ 64%] Built target vehicle_magnetometer
[ 64%] Built target vehicle_acceleration
[ 64%] Built target modules__rover_pos_control
[ 64%] Built target vehicle_angular_velocity
[ 64%] Built target modules__replay
[ 64%] Built target vehicle_air_data
[ 64%] Built target vehicle_imu
[ 64%] Built target modules__simulator__battery_simulator
[ 64%] Built target modules__uuv_att_control
[ 65%] Built target vehicle_gps_position
[ 66%] Built target modules__temperature_compensation
[ 66%] Built target modules__uuv_pos_control
[ 67%] Built target drivers__vmount
[ 68%] Built target modules__vtol_att_control
[ 68%] Built target systemcmds__dyn
[ 68%] Built target systemcmds__motor_ramp
[ 68%] Built target systemcmds__motor_test
[ 69%] Built target systemcmds__perf
[ 69%] Built target systemcmds__esc_calib
[ 69%] Built target systemcmds__pwm
[ 69%] Built target systemcmds__param
[ 70%] Built target systemcmds__led_control
[ 70%] Built target systemcmds__sd_bench
[ 70%] Built target systemcmds__mixer
[ 70%] Built target systemcmds__failure
[ 70%] Built target systemcmds__shutdown
[ 71%] Built target systemcmds__system_time
[ 77%] Built target systemcmds__tests
[ 77%] Built target systemcmds__uorb
[ 77%] Built target systemcmds__tests__hrt_test
[ 77%] Built target systemcmds__work_queue
[ 77%] Built target examples__hello
[ 78%] Built target systemcmds__tune_control
[ 78%] Built target examples__px4_simple_app
[ 78%] Built target examples__fixedwing_control
[ 78%] Built target systemcmds__ver
[ 78%] Built target examples__rover_steering_control
[ 78%] Built target modules__fake_gps
[ 79%] Built target examples__px4_mavlink_debug
[ 79%] Built target systemcmds__topic_listener
[ 79%] Built target examples__uuv_example_app
[ 80%] Built target examples__work_item
[ 80%] Built target avoidance
[ 81%] Built target lib__rc__rc_tests
[ 81%] Built target drivers_accelerometer
[ 81%] Built target lib__cdev__test__cdev_test
[ 81%] Built target drivers_gyroscope
[ 81%] Built target lib__controllib__controllib_test
[ 81%] Built target drivers__pwm_out_sim
[ 82%] Built target drivers_magnetometer
[ 82%] Built target drivers__tone_alarm
[ 82%] Built target FlightTaskDescend
[ 82%] Built target modules__ekf2
[ 83%] Built target FlightTaskUtility
[ 85%] Built target PreFlightCheck
[ 85%] Built target FlightTaskFailsafe
[ 85%] Built target FlightTaskTransition
[ 85%] Built target modules__fw_pos_control_l1
[ 85%] Built target modules__mc_hover_thrust_estimator
[ 85%] Built target modules__mc_pos_control
[ 85%] Built target modules__mc_rate_control
[ 85%] Built target modules__fake_imu
[ 86%] Built target modules__mc_att_control
[ 88%] Built target examples__fake_magnetometer
[ 88%] Built target modules__sensors
[ 88%] Built target FlightTaskAuto
[ 89%] Built target modules__simulator
[ 91%] Built target modules__navigator
[ 91%] Built target FlightTaskManualAltitude
[ 92%] Built target modules__commander
[ 94%] Built target modules__mavlink
[ 95%] Built target FlightTaskAutoFollowMe
[ 95%] Built target FlightTaskAutoMapper
[ 95%] Built target FlightTaskManualPosition
[ 95%] Built target FlightTaskManualAltitudeSmoothVel
[ 96%] Built target FlightTaskAutoLineSmoothVel
[ 96%] Built target FlightTaskManualPositionSmoothVel
[ 96%] Built target FlightTaskOrbit
[ 97%] Built target FlightTaskManualAcceleration
[ 98%] Built target modules__flight_mode_manager
[100%] Built target px4
[100%] Built target examples__dyn_hello
