Linked: (/home/jinwoo/pixhawk_ws/devel/.private/px4/share/px4/cmake/px4Config-version.cmake, /home/jinwoo/pixhawk_ws/devel/share/px4/cmake/px4Config-version.cmake)
Linked: (/home/jinwoo/pixhawk_ws/devel/.private/px4/share/px4/cmake/px4Config.cmake, /home/jinwoo/pixhawk_ws/devel/share/px4/cmake/px4Config.cmake)
Linked: (/home/jinwoo/pixhawk_ws/devel/.private/px4/lib/libHealthFlags.a, /home/jinwoo/pixhawk_ws/devel/lib/libHealthFlags.a)
Linked: (/home/jinwoo/pixhawk_ws/devel/.private/px4/lib/libmodules__mavlink__mavlink_tests.a, /home/jinwoo/pixhawk_ws/devel/lib/libmodules__mavlink__mavlink_tests.a)
Linked: (/home/jinwoo/pixhawk_ws/devel/.private/px4/lib/libFlightTaskOrbit.a, /home/jinwoo/pixhawk_ws/devel/lib/libFlightTaskOrbit.a)
Linked: (/home/jinwoo/pixhawk_ws/devel/.private/px4/lib/libexamples__fake_magnetometer.a, /home/jinwoo/pixhawk_ws/devel/lib/libexamples__fake_magnetometer.a)
Linked: (/home/jinwoo/pixhawk_ws/devel/.private/px4/lib/libmodules__camera_feedback.a, /home/jinwoo/pixhawk_ws/devel/lib/libmodules__camera_feedback.a)
Linked: (/home/jinwoo/pixhawk_ws/devel/.private/px4/lib/libsensor_calibration.a, /home/jinwoo/pixhawk_ws/devel/lib/libsensor_calibration.a)
Linked: (/home/jinwoo/pixhawk_ws/devel/.private/px4/lib/libmodules__temperature_compensation.a, /home/jinwoo/pixhawk_ws/devel/lib/libmodules__temperature_compensation.a)
Linked: (/home/jinwoo/pixhawk_ws/devel/.private/px4/lib/libmodules__gyro_fft.a, /home/jinwoo/pixhawk_ws/devel/lib/libmodules__gyro_fft.a)
Linked: (/home/jinwoo/pixhawk_ws/devel/.private/px4/lib/libFlightTaskDescend.a, /home/jinwoo/pixhawk_ws/devel/lib/libFlightTaskDescend.a)
Linked: (/home/jinwoo/pixhawk_ws/devel/.private/px4/lib/libsystemcmds__esc_calib.a, /home/jinwoo/pixhawk_ws/devel/lib/libsystemcmds__esc_calib.a)
Linked: (/home/jinwoo/pixhawk_ws/devel/.private/px4/lib/liblaunchdetection.a, /home/jinwoo/pixhawk_ws/devel/lib/liblaunchdetection.a)
Linked: (/home/jinwoo/pixhawk_ws/devel/.private/px4/lib/libavoidance.a, /home/jinwoo/pixhawk_ws/devel/lib/libavoidance.a)
Linked: (/home/jinwoo/pixhawk_ws/devel/.private/px4/lib/libperf.a, /home/jinwoo/pixhawk_ws/devel/lib/libperf.a)
Linked: (/home/jinwoo/pixhawk_ws/devel/.private/px4/lib/libexamples__px4_mavlink_debug.a, /home/jinwoo/pixhawk_ws/devel/lib/libexamples__px4_mavlink_debug.a)
Linked: (/home/jinwoo/pixhawk_ws/devel/.private/px4/lib/liblib__controllib__controllib_test.a, /home/jinwoo/pixhawk_ws/devel/lib/liblib__controllib__controllib_test.a)
Linked: (/home/jinwoo/pixhawk_ws/devel/.private/px4/lib/libmixer.a, /home/jinwoo/pixhawk_ws/devel/lib/libmixer.a)
Linked: (/home/jinwoo/pixhawk_ws/devel/.private/px4/lib/libmodules__local_position_estimator.a, /home/jinwoo/pixhawk_ws/devel/lib/libmodules__local_position_estimator.a)
Linked: (/home/jinwoo/pixhawk_ws/devel/.private/px4/lib/libmodules__landing_target_estimator.a, /home/jinwoo/pixhawk_ws/devel/lib/libmodules__landing_target_estimator.a)
Linked: (/home/jinwoo/pixhawk_ws/devel/.private/px4/lib/libdrivers_gyroscope.a, /home/jinwoo/pixhawk_ws/devel/lib/libdrivers_gyroscope.a)
Linked: (/home/jinwoo/pixhawk_ws/devel/.private/px4/lib/libmodules__attitude_estimator_q.a, /home/jinwoo/pixhawk_ws/devel/lib/libmodules__attitude_estimator_q.a)
Linked: (/home/jinwoo/pixhawk_ws/devel/.private/px4/lib/libmixer_module.a, /home/jinwoo/pixhawk_ws/devel/lib/libmixer_module.a)
Linked: (/home/jinwoo/pixhawk_ws/devel/.private/px4/lib/libsystemcmds__topic_listener.a, /home/jinwoo/pixhawk_ws/devel/lib/libsystemcmds__topic_listener.a)
Linked: (/home/jinwoo/pixhawk_ws/devel/.private/px4/lib/libFlightTaskManualPosition.a, /home/jinwoo/pixhawk_ws/devel/lib/libFlightTaskManualPosition.a)
Linked: (/home/jinwoo/pixhawk_ws/devel/.private/px4/lib/libexamples__work_item.a, /home/jinwoo/pixhawk_ws/devel/lib/libexamples__work_item.a)
Linked: (/home/jinwoo/pixhawk_ws/devel/.private/px4/lib/libEKF2Utility.a, /home/jinwoo/pixhawk_ws/devel/lib/libEKF2Utility.a)
Linked: (/home/jinwoo/pixhawk_ws/devel/.private/px4/lib/libmodules__uuv_att_control.a, /home/jinwoo/pixhawk_ws/devel/lib/libmodules__uuv_att_control.a)
Linked: (/home/jinwoo/pixhawk_ws/devel/.private/px4/lib/libsystemcmds__work_queue.a, /home/jinwoo/pixhawk_ws/devel/lib/libsystemcmds__work_queue.a)
Linked: (/home/jinwoo/pixhawk_ws/devel/.private/px4/lib/liblib__work_queue__test__wqueue_test.a, /home/jinwoo/pixhawk_ws/devel/lib/liblib__work_queue__test__wqueue_test.a)
Linked: (/home/jinwoo/pixhawk_ws/devel/.private/px4/lib/libmodules__airspeed_selector.a, /home/jinwoo/pixhawk_ws/devel/lib/libmodules__airspeed_selector.a)
Linked: (/home/jinwoo/pixhawk_ws/devel/.private/px4/lib/libAirspeedValidator.a, /home/jinwoo/pixhawk_ws/devel/lib/libAirspeedValidator.a)
Linked: (/home/jinwoo/pixhawk_ws/devel/.private/px4/lib/libdrivers__vmount.a, /home/jinwoo/pixhawk_ws/devel/lib/libdrivers__vmount.a)
Linked: (/home/jinwoo/pixhawk_ws/devel/.private/px4/lib/libFlightTaskAutoMapper.a, /home/jinwoo/pixhawk_ws/devel/lib/libFlightTaskAutoMapper.a)
Linked: (/home/jinwoo/pixhawk_ws/devel/.private/px4/lib/libmotion_planning.a, /home/jinwoo/pixhawk_ws/devel/lib/libmotion_planning.a)
Linked: (/home/jinwoo/pixhawk_ws/devel/.private/px4/lib/libWeatherVane.a, /home/jinwoo/pixhawk_ws/devel/lib/libWeatherVane.a)
Linked: (/home/jinwoo/pixhawk_ws/devel/.private/px4/lib/libmodules__ekf2.a, /home/jinwoo/pixhawk_ws/devel/lib/libmodules__ekf2.a)
Linked: (/home/jinwoo/pixhawk_ws/devel/.private/px4/lib/libsystemcmds__motor_test.a, /home/jinwoo/pixhawk_ws/devel/lib/libsystemcmds__motor_test.a)
Linked: (/home/jinwoo/pixhawk_ws/devel/.private/px4/lib/libecl_airdata.a, /home/jinwoo/pixhawk_ws/devel/lib/libecl_airdata.a)
Linked: (/home/jinwoo/pixhawk_ws/devel/.private/px4/lib/libdrivers_magnetometer.a, /home/jinwoo/pixhawk_ws/devel/lib/libdrivers_magnetometer.a)
Linked: (/home/jinwoo/pixhawk_ws/devel/.private/px4/lib/libdrivers_board.a, /home/jinwoo/pixhawk_ws/devel/lib/libdrivers_board.a)
Linked: (/home/jinwoo/pixhawk_ws/devel/.private/px4/lib/libFlightTaskAutoLineSmoothVel.a, /home/jinwoo/pixhawk_ws/devel/lib/libFlightTaskAutoLineSmoothVel.a)
Linked: (/home/jinwoo/pixhawk_ws/devel/.private/px4/lib/libmodules__flight_mode_manager.a, /home/jinwoo/pixhawk_ws/devel/lib/libmodules__flight_mode_manager.a)
Linked: (/home/jinwoo/pixhawk_ws/devel/.private/px4/lib/libarch_tone_alarm.a, /home/jinwoo/pixhawk_ws/devel/lib/libarch_tone_alarm.a)
Linked: (/home/jinwoo/pixhawk_ws/devel/.private/px4/lib/libhysteresis.a, /home/jinwoo/pixhawk_ws/devel/lib/libhysteresis.a)
Linked: (/home/jinwoo/pixhawk_ws/devel/.private/px4/lib/libcdev.a, /home/jinwoo/pixhawk_ws/devel/lib/libcdev.a)
Linked: (/home/jinwoo/pixhawk_ws/devel/.private/px4/lib/libmodules__mc_pos_control.a, /home/jinwoo/pixhawk_ws/devel/lib/libmodules__mc_pos_control.a)
Linked: (/home/jinwoo/pixhawk_ws/devel/.private/px4/lib/libmodules__land_detector.a, /home/jinwoo/pixhawk_ws/devel/lib/libmodules__land_detector.a)
Linked: (/home/jinwoo/pixhawk_ws/devel/.private/px4/lib/libmodules__fake_imu.a, /home/jinwoo/pixhawk_ws/devel/lib/libmodules__fake_imu.a)
Linked: (/home/jinwoo/pixhawk_ws/devel/.private/px4/lib/libsystemcmds__led_control.a, /home/jinwoo/pixhawk_ws/devel/lib/libsystemcmds__led_control.a)
Linked: (/home/jinwoo/pixhawk_ws/devel/.private/px4/lib/libmodules__airship_att_control.a, /home/jinwoo/pixhawk_ws/devel/lib/libmodules__airship_att_control.a)
Linked: (/home/jinwoo/pixhawk_ws/devel/.private/px4/lib/libexamples__uuv_example_app.a, /home/jinwoo/pixhawk_ws/devel/lib/libexamples__uuv_example_app.a)
Linked: (/home/jinwoo/pixhawk_ws/devel/.private/px4/lib/libdrivers_barometer.a, /home/jinwoo/pixhawk_ws/devel/lib/libdrivers_barometer.a)
Linked: (/home/jinwoo/pixhawk_ws/devel/.private/px4/lib/libMixerBase.a, /home/jinwoo/pixhawk_ws/devel/lib/libMixerBase.a)
Linked: (/home/jinwoo/pixhawk_ws/devel/.private/px4/lib/libmodules__mavlink.a, /home/jinwoo/pixhawk_ws/devel/lib/libmodules__mavlink.a)
Linked: (/home/jinwoo/pixhawk_ws/devel/.private/px4/lib/libmodules__fw_att_control.a, /home/jinwoo/pixhawk_ws/devel/lib/libmodules__fw_att_control.a)
Linked: (/home/jinwoo/pixhawk_ws/devel/.private/px4/lib/libsystemcmds__ver.a, /home/jinwoo/pixhawk_ws/devel/lib/libsystemcmds__ver.a)
Linked: (/home/jinwoo/pixhawk_ws/devel/.private/px4/lib/libl1.a, /home/jinwoo/pixhawk_ws/devel/lib/libl1.a)
Linked: (/home/jinwoo/pixhawk_ws/devel/.private/px4/lib/libsystemcmds__system_time.a, /home/jinwoo/pixhawk_ws/devel/lib/libsystemcmds__system_time.a)
Linked: (/home/jinwoo/pixhawk_ws/devel/.private/px4/lib/libexamples__hello.a, /home/jinwoo/pixhawk_ws/devel/lib/libexamples__hello.a)
Linked: (/home/jinwoo/pixhawk_ws/devel/.private/px4/lib/libdrivers__camera_trigger.a, /home/jinwoo/pixhawk_ws/devel/lib/libdrivers__camera_trigger.a)
Linked: (/home/jinwoo/pixhawk_ws/devel/.private/px4/lib/libcontrollib.a, /home/jinwoo/pixhawk_ws/devel/lib/libcontrollib.a)
Linked: (/home/jinwoo/pixhawk_ws/devel/.private/px4/lib/libHelicopterMixer.a, /home/jinwoo/pixhawk_ws/devel/lib/libHelicopterMixer.a)
Linked: (/home/jinwoo/pixhawk_ws/devel/.private/px4/lib/libmodules__simulator__battery_simulator.a, /home/jinwoo/pixhawk_ws/devel/lib/libmodules__simulator__battery_simulator.a)
Linked: (/home/jinwoo/pixhawk_ws/devel/.private/px4/lib/libcircuit_breaker.a, /home/jinwoo/pixhawk_ws/devel/lib/libcircuit_breaker.a)
Linked: (/home/jinwoo/pixhawk_ws/devel/.private/px4/lib/libgeofence_breach_avoidance.a, /home/jinwoo/pixhawk_ws/devel/lib/libgeofence_breach_avoidance.a)
Linked: (/home/jinwoo/pixhawk_ws/devel/.private/px4/lib/libmodules__events.a, /home/jinwoo/pixhawk_ws/devel/lib/libmodules__events.a)
Linked: (/home/jinwoo/pixhawk_ws/devel/.private/px4/lib/libFlightTaskManualAltitude.a, /home/jinwoo/pixhawk_ws/devel/lib/libFlightTaskManualAltitude.a)
Linked: (/home/jinwoo/pixhawk_ws/devel/.private/px4/lib/libuorb_msgs.a, /home/jinwoo/pixhawk_ws/devel/lib/libuorb_msgs.a)
Linked: (/home/jinwoo/pixhawk_ws/devel/.private/px4/lib/libversion.a, /home/jinwoo/pixhawk_ws/devel/lib/libversion.a)
Linked: (/home/jinwoo/pixhawk_ws/devel/.private/px4/lib/libsystemcmds__pwm.a, /home/jinwoo/pixhawk_ws/devel/lib/libsystemcmds__pwm.a)
Linked: (/home/jinwoo/pixhawk_ws/devel/.private/px4/lib/libmodules__rc_update.a, /home/jinwoo/pixhawk_ws/devel/lib/libmodules__rc_update.a)
Linked: (/home/jinwoo/pixhawk_ws/devel/.private/px4/lib/libsystemcmds__uorb.a, /home/jinwoo/pixhawk_ws/devel/lib/libsystemcmds__uorb.a)
Linked: (/home/jinwoo/pixhawk_ws/devel/.private/px4/lib/libmodules__dataman.a, /home/jinwoo/pixhawk_ws/devel/lib/libmodules__dataman.a)
Linked: (/home/jinwoo/pixhawk_ws/devel/.private/px4/lib/libmodules__sensors.a, /home/jinwoo/pixhawk_ws/devel/lib/libmodules__sensors.a)
Linked: (/home/jinwoo/pixhawk_ws/devel/.private/px4/lib/libvehicle_angular_velocity.a, /home/jinwoo/pixhawk_ws/devel/lib/libvehicle_angular_velocity.a)
Linked: (/home/jinwoo/pixhawk_ws/devel/.private/px4/lib/libecl_geo_lookup.a, /home/jinwoo/pixhawk_ws/devel/lib/libecl_geo_lookup.a)
Linked: (/home/jinwoo/pixhawk_ws/devel/.private/px4/lib/libmodules__vtol_att_control.a, /home/jinwoo/pixhawk_ws/devel/lib/libmodules__vtol_att_control.a)
Linked: (/home/jinwoo/pixhawk_ws/devel/.private/px4/lib/libsystemcmds__param.a, /home/jinwoo/pixhawk_ws/devel/lib/libsystemcmds__param.a)
Linked: (/home/jinwoo/pixhawk_ws/devel/.private/px4/lib/libNullMixer.a, /home/jinwoo/pixhawk_ws/devel/lib/libNullMixer.a)
Linked: (/home/jinwoo/pixhawk_ws/devel/.private/px4/lib/libmodules__fake_gps.a, /home/jinwoo/pixhawk_ws/devel/lib/libmodules__fake_gps.a)
Linked: (/home/jinwoo/pixhawk_ws/devel/.private/px4/lib/libSimpleMixer.a, /home/jinwoo/pixhawk_ws/devel/lib/libSimpleMixer.a)
Linked: (/home/jinwoo/pixhawk_ws/devel/.private/px4/lib/libmodules__uORB__uORB_tests.a, /home/jinwoo/pixhawk_ws/devel/lib/libmodules__uORB__uORB_tests.a)
Linked: (/home/jinwoo/pixhawk_ws/devel/.private/px4/lib/libCollisionPrevention.a, /home/jinwoo/pixhawk_ws/devel/lib/libCollisionPrevention.a)
Linked: (/home/jinwoo/pixhawk_ws/devel/.private/px4/lib/libvehicle_acceleration.a, /home/jinwoo/pixhawk_ws/devel/lib/libvehicle_acceleration.a)
Linked: (/home/jinwoo/pixhawk_ws/devel/.private/px4/lib/libFlightTaskFailsafe.a, /home/jinwoo/pixhawk_ws/devel/lib/libFlightTaskFailsafe.a)
Linked: (/home/jinwoo/pixhawk_ws/devel/.private/px4/lib/liblib__rc__rc_tests.a, /home/jinwoo/pixhawk_ws/devel/lib/liblib__rc__rc_tests.a)
Linked: (/home/jinwoo/pixhawk_ws/devel/.private/px4/lib/libFlightTaskManualAcceleration.a, /home/jinwoo/pixhawk_ws/devel/lib/libFlightTaskManualAcceleration.a)
Linked: (/home/jinwoo/pixhawk_ws/devel/.private/px4/lib/libmodules__load_mon.a, /home/jinwoo/pixhawk_ws/devel/lib/libmodules__load_mon.a)
Linked: (/home/jinwoo/pixhawk_ws/devel/.private/px4/lib/libTakeoff.a, /home/jinwoo/pixhawk_ws/devel/lib/libTakeoff.a)
Linked: (/home/jinwoo/pixhawk_ws/devel/.private/px4/lib/libparameters.a, /home/jinwoo/pixhawk_ws/devel/lib/libparameters.a)
Linked: (/home/jinwoo/pixhawk_ws/devel/.private/px4/lib/libdata_validator.a, /home/jinwoo/pixhawk_ws/devel/lib/libdata_validator.a)
Linked: (/home/jinwoo/pixhawk_ws/devel/.private/px4/lib/libvehicle_imu.a, /home/jinwoo/pixhawk_ws/devel/lib/libvehicle_imu.a)
Linked: (/home/jinwoo/pixhawk_ws/devel/.private/px4/lib/libexamples__rpm_simulator.a, /home/jinwoo/pixhawk_ws/devel/lib/libexamples__rpm_simulator.a)
Linked: (/home/jinwoo/pixhawk_ws/devel/.private/px4/lib/libFlightTaskManualAltitudeSmoothVel.a, /home/jinwoo/pixhawk_ws/devel/lib/libFlightTaskManualAltitudeSmoothVel.a)
Linked: (/home/jinwoo/pixhawk_ws/devel/.private/px4/lib/libAllocatedActuatorMixer.a, /home/jinwoo/pixhawk_ws/devel/lib/libAllocatedActuatorMixer.a)
Linked: (/home/jinwoo/pixhawk_ws/devel/.private/px4/lib/libmodules__uuv_pos_control.a, /home/jinwoo/pixhawk_ws/devel/lib/libmodules__uuv_pos_control.a)
Linked: (/home/jinwoo/pixhawk_ws/devel/.private/px4/lib/libtinybson.a, /home/jinwoo/pixhawk_ws/devel/lib/libtinybson.a)
Linked: (/home/jinwoo/pixhawk_ws/devel/.private/px4/lib/librc.a, /home/jinwoo/pixhawk_ws/devel/lib/librc.a)
Linked: (/home/jinwoo/pixhawk_ws/devel/.private/px4/lib/libexamples__px4_simple_app.a, /home/jinwoo/pixhawk_ws/devel/lib/libexamples__px4_simple_app.a)
Linked: (/home/jinwoo/pixhawk_ws/devel/.private/px4/lib/libpx4_platform.a, /home/jinwoo/pixhawk_ws/devel/lib/libpx4_platform.a)
Linked: (/home/jinwoo/pixhawk_ws/devel/.private/px4/lib/libPreFlightCheck.a, /home/jinwoo/pixhawk_ws/devel/lib/libPreFlightCheck.a)
Linked: (/home/jinwoo/pixhawk_ws/devel/.private/px4/lib/libvehicle_air_data.a, /home/jinwoo/pixhawk_ws/devel/lib/libvehicle_air_data.a)
Linked: (/home/jinwoo/pixhawk_ws/devel/.private/px4/lib/libmodules__commander.a, /home/jinwoo/pixhawk_ws/devel/lib/libmodules__commander.a)
Linked: (/home/jinwoo/pixhawk_ws/devel/.private/px4/lib/libtunes.a, /home/jinwoo/pixhawk_ws/devel/lib/libtunes.a)
Linked: (/home/jinwoo/pixhawk_ws/devel/.private/px4/lib/libsystemcmds__sd_bench.a, /home/jinwoo/pixhawk_ws/devel/lib/libsystemcmds__sd_bench.a)
Linked: (/home/jinwoo/pixhawk_ws/devel/.private/px4/lib/libdrivers__pwm_out_sim.a, /home/jinwoo/pixhawk_ws/devel/lib/libdrivers__pwm_out_sim.a)
Linked: (/home/jinwoo/pixhawk_ws/devel/.private/px4/lib/libsystemcmds__shutdown.a, /home/jinwoo/pixhawk_ws/devel/lib/libsystemcmds__shutdown.a)
Linked: (/home/jinwoo/pixhawk_ws/devel/.private/px4/lib/libmodules__mc_hover_thrust_estimator.a, /home/jinwoo/pixhawk_ws/devel/lib/libmodules__mc_hover_thrust_estimator.a)
Linked: (/home/jinwoo/pixhawk_ws/devel/.private/px4/lib/libmodules__replay.a, /home/jinwoo/pixhawk_ws/devel/lib/libmodules__replay.a)
Linked: (/home/jinwoo/pixhawk_ws/devel/.private/px4/lib/libairspeed.a, /home/jinwoo/pixhawk_ws/devel/lib/libairspeed.a)
Linked: (/home/jinwoo/pixhawk_ws/devel/.private/px4/lib/libmodules__simulator.a, /home/jinwoo/pixhawk_ws/devel/lib/libmodules__simulator.a)
Linked: (/home/jinwoo/pixhawk_ws/devel/.private/px4/lib/libbattery.a, /home/jinwoo/pixhawk_ws/devel/lib/libbattery.a)
Linked: (/home/jinwoo/pixhawk_ws/devel/.private/px4/lib/libpx4_work_queue.a, /home/jinwoo/pixhawk_ws/devel/lib/libpx4_work_queue.a)
Linked: (/home/jinwoo/pixhawk_ws/devel/.private/px4/lib/libpx4_daemon.a, /home/jinwoo/pixhawk_ws/devel/lib/libpx4_daemon.a)
Linked: (/home/jinwoo/pixhawk_ws/devel/.private/px4/lib/liboutput_limit.a, /home/jinwoo/pixhawk_ws/devel/lib/liboutput_limit.a)
Linked: (/home/jinwoo/pixhawk_ws/devel/.private/px4/lib/libmodules__navigator.a, /home/jinwoo/pixhawk_ws/devel/lib/libmodules__navigator.a)
Linked: (/home/jinwoo/pixhawk_ws/devel/.private/px4/lib/libsystemcmds__tests.a, /home/jinwoo/pixhawk_ws/devel/lib/libsystemcmds__tests.a)
Linked: (/home/jinwoo/pixhawk_ws/devel/.private/px4/lib/libmathlib.a, /home/jinwoo/pixhawk_ws/devel/lib/libmathlib.a)
Linked: (/home/jinwoo/pixhawk_ws/devel/.private/px4/lib/libpid.a, /home/jinwoo/pixhawk_ws/devel/lib/libpid.a)
Linked: (/home/jinwoo/pixhawk_ws/devel/.private/px4/lib/libfailure_detector.a, /home/jinwoo/pixhawk_ws/devel/lib/libfailure_detector.a)
Linked: (/home/jinwoo/pixhawk_ws/devel/.private/px4/lib/liblanding_slope.a, /home/jinwoo/pixhawk_ws/devel/lib/liblanding_slope.a)
Linked: (/home/jinwoo/pixhawk_ws/devel/.private/px4/lib/liblib__cdev__test__cdev_test.a, /home/jinwoo/pixhawk_ws/devel/lib/liblib__cdev__test__cdev_test.a)
Linked: (/home/jinwoo/pixhawk_ws/devel/.private/px4/lib/libMultirotorMixer.a, /home/jinwoo/pixhawk_ws/devel/lib/libMultirotorMixer.a)
Linked: (/home/jinwoo/pixhawk_ws/devel/.private/px4/lib/liblockstep_scheduler.a, /home/jinwoo/pixhawk_ws/devel/lib/liblockstep_scheduler.a)
Linked: (/home/jinwoo/pixhawk_ws/devel/.private/px4/lib/libuORB.a, /home/jinwoo/pixhawk_ws/devel/lib/libuORB.a)
Linked: (/home/jinwoo/pixhawk_ws/devel/.private/px4/lib/libtecs.a, /home/jinwoo/pixhawk_ws/devel/lib/libtecs.a)
Linked: (/home/jinwoo/pixhawk_ws/devel/.private/px4/lib/libFlightTaskAutoFollowMe.a, /home/jinwoo/pixhawk_ws/devel/lib/libFlightTaskAutoFollowMe.a)
Linked: (/home/jinwoo/pixhawk_ws/devel/.private/px4/lib/libFlightTaskTransition.a, /home/jinwoo/pixhawk_ws/devel/lib/libFlightTaskTransition.a)
Linked: (/home/jinwoo/pixhawk_ws/devel/.private/px4/lib/libwork_queue.a, /home/jinwoo/pixhawk_ws/devel/lib/libwork_queue.a)
Linked: (/home/jinwoo/pixhawk_ws/devel/.private/px4/lib/libFlightTaskUtility.a, /home/jinwoo/pixhawk_ws/devel/lib/libFlightTaskUtility.a)
Linked: (/home/jinwoo/pixhawk_ws/devel/.private/px4/lib/examples__dyn_hello.px4mod, /home/jinwoo/pixhawk_ws/devel/lib/examples__dyn_hello.px4mod)
Linked: (/home/jinwoo/pixhawk_ws/devel/.private/px4/lib/libexamples__fixedwing_control.a, /home/jinwoo/pixhawk_ws/devel/lib/libexamples__fixedwing_control.a)
Linked: (/home/jinwoo/pixhawk_ws/devel/.private/px4/lib/libsystemcmds__mixer.a, /home/jinwoo/pixhawk_ws/devel/lib/libsystemcmds__mixer.a)
Linked: (/home/jinwoo/pixhawk_ws/devel/.private/px4/lib/libconversion.a, /home/jinwoo/pixhawk_ws/devel/lib/libconversion.a)
Linked: (/home/jinwoo/pixhawk_ws/devel/.private/px4/lib/libsystemcmds__dyn.a, /home/jinwoo/pixhawk_ws/devel/lib/libsystemcmds__dyn.a)
Linked: (/home/jinwoo/pixhawk_ws/devel/.private/px4/lib/libecl_geo.a, /home/jinwoo/pixhawk_ws/devel/lib/libecl_geo.a)
Linked: (/home/jinwoo/pixhawk_ws/devel/.private/px4/lib/libbezier.a, /home/jinwoo/pixhawk_ws/devel/lib/libbezier.a)
Linked: (/home/jinwoo/pixhawk_ws/devel/.private/px4/lib/libdrivers__device.a, /home/jinwoo/pixhawk_ws/devel/lib/libdrivers__device.a)
Linked: (/home/jinwoo/pixhawk_ws/devel/.private/px4/lib/libFlightTask.a, /home/jinwoo/pixhawk_ws/devel/lib/libFlightTask.a)
Linked: (/home/jinwoo/pixhawk_ws/devel/.private/px4/lib/libmodules__mc_rate_control.a, /home/jinwoo/pixhawk_ws/devel/lib/libmodules__mc_rate_control.a)
Linked: (/home/jinwoo/pixhawk_ws/devel/.private/px4/lib/libsystemlib.a, /home/jinwoo/pixhawk_ws/devel/lib/libsystemlib.a)
Linked: (/home/jinwoo/pixhawk_ws/devel/.private/px4/lib/libvehicle_gps_position.a, /home/jinwoo/pixhawk_ws/devel/lib/libvehicle_gps_position.a)
Linked: (/home/jinwoo/pixhawk_ws/devel/.private/px4/lib/libsystemcmds__perf.a, /home/jinwoo/pixhawk_ws/devel/lib/libsystemcmds__perf.a)
Linked: (/home/jinwoo/pixhawk_ws/devel/.private/px4/lib/libAttitudeControl.a, /home/jinwoo/pixhawk_ws/devel/lib/libAttitudeControl.a)
Linked: (/home/jinwoo/pixhawk_ws/devel/.private/px4/lib/libmodules__fw_pos_control_l1.a, /home/jinwoo/pixhawk_ws/devel/lib/libmodules__fw_pos_control_l1.a)
Linked: (/home/jinwoo/pixhawk_ws/devel/.private/px4/lib/librunway_takeoff.a, /home/jinwoo/pixhawk_ws/devel/lib/librunway_takeoff.a)
Linked: (/home/jinwoo/pixhawk_ws/devel/.private/px4/lib/libvehicle_magnetometer.a, /home/jinwoo/pixhawk_ws/devel/lib/libvehicle_magnetometer.a)
Linked: (/home/jinwoo/pixhawk_ws/devel/.private/px4/lib/libsystemcmds__tune_control.a, /home/jinwoo/pixhawk_ws/devel/lib/libsystemcmds__tune_control.a)
Linked: (/home/jinwoo/pixhawk_ws/devel/.private/px4/lib/libexamples__rover_steering_control.a, /home/jinwoo/pixhawk_ws/devel/lib/libexamples__rover_steering_control.a)
Linked: (/home/jinwoo/pixhawk_ws/devel/.private/px4/lib/libzero_order_hover_thrust_ekf.a, /home/jinwoo/pixhawk_ws/devel/lib/libzero_order_hover_thrust_ekf.a)
Linked: (/home/jinwoo/pixhawk_ws/devel/.private/px4/lib/libmodules__rover_pos_control.a, /home/jinwoo/pixhawk_ws/devel/lib/libmodules__rover_pos_control.a)
Linked: (/home/jinwoo/pixhawk_ws/devel/.private/px4/lib/libSlewRate.a, /home/jinwoo/pixhawk_ws/devel/lib/libSlewRate.a)
Linked: (/home/jinwoo/pixhawk_ws/devel/.private/px4/lib/libRateControl.a, /home/jinwoo/pixhawk_ws/devel/lib/libRateControl.a)
Linked: (/home/jinwoo/pixhawk_ws/devel/.private/px4/lib/libFlightTaskManualPositionSmoothVel.a, /home/jinwoo/pixhawk_ws/devel/lib/libFlightTaskManualPositionSmoothVel.a)
Linked: (/home/jinwoo/pixhawk_ws/devel/.private/px4/lib/libdrivers__tone_alarm.a, /home/jinwoo/pixhawk_ws/devel/lib/libdrivers__tone_alarm.a)
Linked: (/home/jinwoo/pixhawk_ws/devel/.private/px4/lib/libmodules__commander__commander_tests.a, /home/jinwoo/pixhawk_ws/devel/lib/libmodules__commander__commander_tests.a)
Linked: (/home/jinwoo/pixhawk_ws/devel/.private/px4/lib/libdrivers_accelerometer.a, /home/jinwoo/pixhawk_ws/devel/lib/libdrivers_accelerometer.a)
Linked: (/home/jinwoo/pixhawk_ws/devel/.private/px4/lib/libsystemcmds__tests__hrt_test.a, /home/jinwoo/pixhawk_ws/devel/lib/libsystemcmds__tests__hrt_test.a)
Linked: (/home/jinwoo/pixhawk_ws/devel/.private/px4/lib/libArmAuthorization.a, /home/jinwoo/pixhawk_ws/devel/lib/libArmAuthorization.a)
Linked: (/home/jinwoo/pixhawk_ws/devel/.private/px4/lib/libmodules__gyro_calibration.a, /home/jinwoo/pixhawk_ws/devel/lib/libmodules__gyro_calibration.a)
Linked: (/home/jinwoo/pixhawk_ws/devel/.private/px4/lib/libFlightTaskAuto.a, /home/jinwoo/pixhawk_ws/devel/lib/libFlightTaskAuto.a)
Linked: (/home/jinwoo/pixhawk_ws/devel/.private/px4/lib/libmodules__logger.a, /home/jinwoo/pixhawk_ws/devel/lib/libmodules__logger.a)
Linked: (/home/jinwoo/pixhawk_ws/devel/.private/px4/lib/libdrivers__gps.a, /home/jinwoo/pixhawk_ws/devel/lib/libdrivers__gps.a)
Linked: (/home/jinwoo/pixhawk_ws/devel/.private/px4/lib/libPositionControl.a, /home/jinwoo/pixhawk_ws/devel/lib/libPositionControl.a)
Linked: (/home/jinwoo/pixhawk_ws/devel/.private/px4/lib/libmodules__mc_att_control.a, /home/jinwoo/pixhawk_ws/devel/lib/libmodules__mc_att_control.a)
Linked: (/home/jinwoo/pixhawk_ws/devel/.private/px4/lib/libsystemcmds__failure.a, /home/jinwoo/pixhawk_ws/devel/lib/libsystemcmds__failure.a)
Linked: (/home/jinwoo/pixhawk_ws/devel/.private/px4/lib/libdrivers__camera_capture.a, /home/jinwoo/pixhawk_ws/devel/lib/libdrivers__camera_capture.a)
Linked: (/home/jinwoo/pixhawk_ws/devel/.private/px4/lib/libpx4_layer.a, /home/jinwoo/pixhawk_ws/devel/lib/libpx4_layer.a)
Linked: (/home/jinwoo/pixhawk_ws/devel/.private/px4/lib/libsystemcmds__motor_ramp.a, /home/jinwoo/pixhawk_ws/devel/lib/libsystemcmds__motor_ramp.a)
Linked: (/home/jinwoo/pixhawk_ws/devel/.private/px4/lib/libecl_EKF.a, /home/jinwoo/pixhawk_ws/devel/lib/libecl_EKF.a)
Linked: (/home/jinwoo/pixhawk_ws/devel/.private/px4/lib/px4/px4-motor_test, /home/jinwoo/pixhawk_ws/devel/lib/px4/px4-motor_test)
Linked: (/home/jinwoo/pixhawk_ws/devel/.private/px4/lib/px4/px4-alias.sh, /home/jinwoo/pixhawk_ws/devel/lib/px4/px4-alias.sh)
Linked: (/home/jinwoo/pixhawk_ws/devel/.private/px4/lib/px4/px4, /home/jinwoo/pixhawk_ws/devel/lib/px4/px4)
Linked: (/home/jinwoo/pixhawk_ws/devel/.private/px4/lib/px4/px4-replay, /home/jinwoo/pixhawk_ws/devel/lib/px4/px4-replay)
Linked: (/home/jinwoo/pixhawk_ws/devel/.private/px4/lib/px4/px4-cdev_test, /home/jinwoo/pixhawk_ws/devel/lib/px4/px4-cdev_test)
Linked: (/home/jinwoo/pixhawk_ws/devel/.private/px4/lib/px4/px4-commander_tests, /home/jinwoo/pixhawk_ws/devel/lib/px4/px4-commander_tests)
Linked: (/home/jinwoo/pixhawk_ws/devel/.private/px4/lib/px4/px4-tone_alarm, /home/jinwoo/pixhawk_ws/devel/lib/px4/px4-tone_alarm)
Linked: (/home/jinwoo/pixhawk_ws/devel/.private/px4/lib/px4/px4-mc_hover_thrust_estimator, /home/jinwoo/pixhawk_ws/devel/lib/px4/px4-mc_hover_thrust_estimator)
Linked: (/home/jinwoo/pixhawk_ws/devel/.private/px4/lib/px4/px4-rc_tests, /home/jinwoo/pixhawk_ws/devel/lib/px4/px4-rc_tests)
Linked: (/home/jinwoo/pixhawk_ws/devel/.private/px4/lib/px4/px4-controllib_test, /home/jinwoo/pixhawk_ws/devel/lib/px4/px4-controllib_test)
Linked: (/home/jinwoo/pixhawk_ws/devel/.private/px4/lib/px4/px4-rc_update, /home/jinwoo/pixhawk_ws/devel/lib/px4/px4-rc_update)
Linked: (/home/jinwoo/pixhawk_ws/devel/.private/px4/lib/px4/px4-attitude_estimator_q, /home/jinwoo/pixhawk_ws/devel/lib/px4/px4-attitude_estimator_q)
Linked: (/home/jinwoo/pixhawk_ws/devel/.private/px4/lib/px4/px4-shutdown, /home/jinwoo/pixhawk_ws/devel/lib/px4/px4-shutdown)
Linked: (/home/jinwoo/pixhawk_ws/devel/.private/px4/lib/px4/px4-motor_ramp, /home/jinwoo/pixhawk_ws/devel/lib/px4/px4-motor_ramp)
Linked: (/home/jinwoo/pixhawk_ws/devel/.private/px4/lib/px4/px4-mc_pos_control, /home/jinwoo/pixhawk_ws/devel/lib/px4/px4-mc_pos_control)
Linked: (/home/jinwoo/pixhawk_ws/devel/.private/px4/lib/px4/px4-uuv_example_app, /home/jinwoo/pixhawk_ws/devel/lib/px4/px4-uuv_example_app)
Linked: (/home/jinwoo/pixhawk_ws/devel/.private/px4/lib/px4/px4-camera_trigger, /home/jinwoo/pixhawk_ws/devel/lib/px4/px4-camera_trigger)
Linked: (/home/jinwoo/pixhawk_ws/devel/.private/px4/lib/px4/px4-load_mon, /home/jinwoo/pixhawk_ws/devel/lib/px4/px4-load_mon)
Linked: (/home/jinwoo/pixhawk_ws/devel/.private/px4/lib/px4/px4-airship_att_control, /home/jinwoo/pixhawk_ws/devel/lib/px4/px4-airship_att_control)
Linked: (/home/jinwoo/pixhawk_ws/devel/.private/px4/lib/px4/px4-airspeed_selector, /home/jinwoo/pixhawk_ws/devel/lib/px4/px4-airspeed_selector)
Linked: (/home/jinwoo/pixhawk_ws/devel/.private/px4/lib/px4/px4-param, /home/jinwoo/pixhawk_ws/devel/lib/px4/px4-param)
Linked: (/home/jinwoo/pixhawk_ws/devel/.private/px4/lib/px4/px4-rpm_simulator, /home/jinwoo/pixhawk_ws/devel/lib/px4/px4-rpm_simulator)
Linked: (/home/jinwoo/pixhawk_ws/devel/.private/px4/lib/px4/px4-gyro_calibration, /home/jinwoo/pixhawk_ws/devel/lib/px4/px4-gyro_calibration)
Linked: (/home/jinwoo/pixhawk_ws/devel/.private/px4/lib/px4/px4-work_queue, /home/jinwoo/pixhawk_ws/devel/lib/px4/px4-work_queue)
Linked: (/home/jinwoo/pixhawk_ws/devel/.private/px4/lib/px4/px4-land_detector, /home/jinwoo/pixhawk_ws/devel/lib/px4/px4-land_detector)
Linked: (/home/jinwoo/pixhawk_ws/devel/.private/px4/lib/px4/px4-fw_att_control, /home/jinwoo/pixhawk_ws/devel/lib/px4/px4-fw_att_control)
Linked: (/home/jinwoo/pixhawk_ws/devel/.private/px4/lib/px4/px4-local_position_estimator, /home/jinwoo/pixhawk_ws/devel/lib/px4/px4-local_position_estimator)
Linked: (/home/jinwoo/pixhawk_ws/devel/.private/px4/lib/px4/px4-system_time, /home/jinwoo/pixhawk_ws/devel/lib/px4/px4-system_time)
Linked: (/home/jinwoo/pixhawk_ws/devel/.private/px4/lib/px4/px4-uuv_att_control, /home/jinwoo/pixhawk_ws/devel/lib/px4/px4-uuv_att_control)
Linked: (/home/jinwoo/pixhawk_ws/devel/.private/px4/lib/px4/px4-px4_mavlink_debug, /home/jinwoo/pixhawk_ws/devel/lib/px4/px4-px4_mavlink_debug)
Linked: (/home/jinwoo/pixhawk_ws/devel/.private/px4/lib/px4/px4-dyn, /home/jinwoo/pixhawk_ws/devel/lib/px4/px4-dyn)
Linked: (/home/jinwoo/pixhawk_ws/devel/.private/px4/lib/px4/px4-hrt_test, /home/jinwoo/pixhawk_ws/devel/lib/px4/px4-hrt_test)
Linked: (/home/jinwoo/pixhawk_ws/devel/.private/px4/lib/px4/px4-gps, /home/jinwoo/pixhawk_ws/devel/lib/px4/px4-gps)
Linked: (/home/jinwoo/pixhawk_ws/devel/.private/px4/lib/px4/px4-rover_steering_control, /home/jinwoo/pixhawk_ws/devel/lib/px4/px4-rover_steering_control)
Linked: (/home/jinwoo/pixhawk_ws/devel/.private/px4/lib/px4/px4-gyro_fft, /home/jinwoo/pixhawk_ws/devel/lib/px4/px4-gyro_fft)
Linked: (/home/jinwoo/pixhawk_ws/devel/.private/px4/lib/px4/px4-ekf2, /home/jinwoo/pixhawk_ws/devel/lib/px4/px4-ekf2)
Linked: (/home/jinwoo/pixhawk_ws/devel/.private/px4/lib/px4/px4-rover_pos_control, /home/jinwoo/pixhawk_ws/devel/lib/px4/px4-rover_pos_control)
Linked: (/home/jinwoo/pixhawk_ws/devel/.private/px4/lib/px4/px4-flight_mode_manager, /home/jinwoo/pixhawk_ws/devel/lib/px4/px4-flight_mode_manager)
Linked: (/home/jinwoo/pixhawk_ws/devel/.private/px4/lib/px4/px4-mavlink_tests, /home/jinwoo/pixhawk_ws/devel/lib/px4/px4-mavlink_tests)
Linked: (/home/jinwoo/pixhawk_ws/devel/.private/px4/lib/px4/px4-sensors, /home/jinwoo/pixhawk_ws/devel/lib/px4/px4-sensors)
Linked: (/home/jinwoo/pixhawk_ws/devel/.private/px4/lib/px4/px4-vtol_att_control, /home/jinwoo/pixhawk_ws/devel/lib/px4/px4-vtol_att_control)
Linked: (/home/jinwoo/pixhawk_ws/devel/.private/px4/lib/px4/px4-listener, /home/jinwoo/pixhawk_ws/devel/lib/px4/px4-listener)
Linked: (/home/jinwoo/pixhawk_ws/devel/.private/px4/lib/px4/px4-tests, /home/jinwoo/pixhawk_ws/devel/lib/px4/px4-tests)
Linked: (/home/jinwoo/pixhawk_ws/devel/.private/px4/lib/px4/px4-send_event, /home/jinwoo/pixhawk_ws/devel/lib/px4/px4-send_event)
Linked: (/home/jinwoo/pixhawk_ws/devel/.private/px4/lib/px4/px4-failure, /home/jinwoo/pixhawk_ws/devel/lib/px4/px4-failure)
Linked: (/home/jinwoo/pixhawk_ws/devel/.private/px4/lib/px4/px4-camera_capture, /home/jinwoo/pixhawk_ws/devel/lib/px4/px4-camera_capture)
Linked: (/home/jinwoo/pixhawk_ws/devel/.private/px4/lib/px4/px4-mc_rate_control, /home/jinwoo/pixhawk_ws/devel/lib/px4/px4-mc_rate_control)
Linked: (/home/jinwoo/pixhawk_ws/devel/.private/px4/lib/px4/px4-ver, /home/jinwoo/pixhawk_ws/devel/lib/px4/px4-ver)
Linked: (/home/jinwoo/pixhawk_ws/devel/.private/px4/lib/px4/px4-sd_bench, /home/jinwoo/pixhawk_ws/devel/lib/px4/px4-sd_bench)
Linked: (/home/jinwoo/pixhawk_ws/devel/.private/px4/lib/px4/px4-landing_target_estimator, /home/jinwoo/pixhawk_ws/devel/lib/px4/px4-landing_target_estimator)
Linked: (/home/jinwoo/pixhawk_ws/devel/.private/px4/lib/px4/px4-fw_pos_control_l1, /home/jinwoo/pixhawk_ws/devel/lib/px4/px4-fw_pos_control_l1)
Linked: (/home/jinwoo/pixhawk_ws/devel/.private/px4/lib/px4/px4-led_control, /home/jinwoo/pixhawk_ws/devel/lib/px4/px4-led_control)
Linked: (/home/jinwoo/pixhawk_ws/devel/.private/px4/lib/px4/px4-uuv_pos_control, /home/jinwoo/pixhawk_ws/devel/lib/px4/px4-uuv_pos_control)
Linked: (/home/jinwoo/pixhawk_ws/devel/.private/px4/lib/px4/px4-dataman, /home/jinwoo/pixhawk_ws/devel/lib/px4/px4-dataman)
Linked: (/home/jinwoo/pixhawk_ws/devel/.private/px4/lib/px4/px4-temperature_compensation, /home/jinwoo/pixhawk_ws/devel/lib/px4/px4-temperature_compensation)
Linked: (/home/jinwoo/pixhawk_ws/devel/.private/px4/lib/px4/px4-logger, /home/jinwoo/pixhawk_ws/devel/lib/px4/px4-logger)
Linked: (/home/jinwoo/pixhawk_ws/devel/.private/px4/lib/px4/px4-uorb_tests, /home/jinwoo/pixhawk_ws/devel/lib/px4/px4-uorb_tests)
Linked: (/home/jinwoo/pixhawk_ws/devel/.private/px4/lib/px4/px4-fake_imu, /home/jinwoo/pixhawk_ws/devel/lib/px4/px4-fake_imu)
Linked: (/home/jinwoo/pixhawk_ws/devel/.private/px4/lib/px4/px4-simulator, /home/jinwoo/pixhawk_ws/devel/lib/px4/px4-simulator)
Linked: (/home/jinwoo/pixhawk_ws/devel/.private/px4/lib/px4/px4-vmount, /home/jinwoo/pixhawk_ws/devel/lib/px4/px4-vmount)
Linked: (/home/jinwoo/pixhawk_ws/devel/.private/px4/lib/px4/px4-fake_gps, /home/jinwoo/pixhawk_ws/devel/lib/px4/px4-fake_gps)
Linked: (/home/jinwoo/pixhawk_ws/devel/.private/px4/lib/px4/px4-mc_att_control, /home/jinwoo/pixhawk_ws/devel/lib/px4/px4-mc_att_control)
Linked: (/home/jinwoo/pixhawk_ws/devel/.private/px4/lib/px4/px4-mixer, /home/jinwoo/pixhawk_ws/devel/lib/px4/px4-mixer)
Linked: (/home/jinwoo/pixhawk_ws/devel/.private/px4/lib/px4/px4-mavlink, /home/jinwoo/pixhawk_ws/devel/lib/px4/px4-mavlink)
Linked: (/home/jinwoo/pixhawk_ws/devel/.private/px4/lib/px4/px4-pwm_out_sim, /home/jinwoo/pixhawk_ws/devel/lib/px4/px4-pwm_out_sim)
Linked: (/home/jinwoo/pixhawk_ws/devel/.private/px4/lib/px4/px4-fake_magnetometer, /home/jinwoo/pixhawk_ws/devel/lib/px4/px4-fake_magnetometer)
Linked: (/home/jinwoo/pixhawk_ws/devel/.private/px4/lib/px4/px4-commander, /home/jinwoo/pixhawk_ws/devel/lib/px4/px4-commander)
Linked: (/home/jinwoo/pixhawk_ws/devel/.private/px4/lib/px4/px4-camera_feedback, /home/jinwoo/pixhawk_ws/devel/lib/px4/px4-camera_feedback)
Linked: (/home/jinwoo/pixhawk_ws/devel/.private/px4/lib/px4/px4-uorb, /home/jinwoo/pixhawk_ws/devel/lib/px4/px4-uorb)
Linked: (/home/jinwoo/pixhawk_ws/devel/.private/px4/lib/px4/px4-battery_simulator, /home/jinwoo/pixhawk_ws/devel/lib/px4/px4-battery_simulator)
Linked: (/home/jinwoo/pixhawk_ws/devel/.private/px4/lib/px4/px4-esc_calib, /home/jinwoo/pixhawk_ws/devel/lib/px4/px4-esc_calib)
Linked: (/home/jinwoo/pixhawk_ws/devel/.private/px4/lib/px4/px4-ex_fixedwing_control, /home/jinwoo/pixhawk_ws/devel/lib/px4/px4-ex_fixedwing_control)
Linked: (/home/jinwoo/pixhawk_ws/devel/.private/px4/lib/px4/px4-hello, /home/jinwoo/pixhawk_ws/devel/lib/px4/px4-hello)
Linked: (/home/jinwoo/pixhawk_ws/devel/.private/px4/lib/px4/px4-pwm, /home/jinwoo/pixhawk_ws/devel/lib/px4/px4-pwm)
Linked: (/home/jinwoo/pixhawk_ws/devel/.private/px4/lib/px4/px4-wqueue_test, /home/jinwoo/pixhawk_ws/devel/lib/px4/px4-wqueue_test)
Linked: (/home/jinwoo/pixhawk_ws/devel/.private/px4/lib/px4/px4-perf, /home/jinwoo/pixhawk_ws/devel/lib/px4/px4-perf)
Linked: (/home/jinwoo/pixhawk_ws/devel/.private/px4/lib/px4/px4-tune_control, /home/jinwoo/pixhawk_ws/devel/lib/px4/px4-tune_control)
Linked: (/home/jinwoo/pixhawk_ws/devel/.private/px4/lib/px4/px4-work_item_example, /home/jinwoo/pixhawk_ws/devel/lib/px4/px4-work_item_example)
Linked: (/home/jinwoo/pixhawk_ws/devel/.private/px4/lib/px4/px4-navigator, /home/jinwoo/pixhawk_ws/devel/lib/px4/px4-navigator)
Linked: (/home/jinwoo/pixhawk_ws/devel/.private/px4/lib/px4/px4-px4_simple_app, /home/jinwoo/pixhawk_ws/devel/lib/px4/px4-px4_simple_app)
Linked: (/home/jinwoo/pixhawk_ws/devel/.private/px4/lib/pkgconfig/px4.pc, /home/jinwoo/pixhawk_ws/devel/lib/pkgconfig/px4.pc)
