[ 15%] Built target models_gen
[ 30%] Built target sensor_msgs
[ 32%] Built target physics_msgs
[ 32%] Built target sensor_msgs_generate_messages_eus
[ 32%] Built target std_msgs_generate_messages_eus
[ 36%] Built target nav_msgs
[ 38%] Built target mav_msgs
[ 41%] Built target std_msgs
[ 41%] Built target sensor_msgs_generate_messages_py
[ 41%] Built target std_msgs_generate_messages_py
[ 41%] Built target sensor_msgs_generate_messages_lisp
[ 42%] Built target klt_feature_tracker
[ 42%] Built target std_msgs_generate_messages_lisp
[ 42%] Built target sensor_msgs_generate_messages_nodejs
[ 42%] Built target std_msgs_generate_messages_nodejs
[ 42%] Built target sensor_msgs_generate_messages_cpp
[ 42%] Built target std_msgs_generate_messages_cpp
[ 42%] Built target _klt_feature_tracker_generate_messages_check_deps_TrackFeatures
[ 44%] Built target gazebo_gps_plugin
[ 45%] Built target gazebo_lidar_plugin
[ 46%] Built target gazebo_multirotor_base_plugin
[ 48%] Built target gazebo_opticalflow_mockup_plugin
[ 49%] Built target gazebo_sonar_plugin
[ 51%] Built target gazebo_irlock_plugin
[ 53%] Built target gazebo_controller_interface
[ 55%] Built target gazebo_gst_camera_plugin
[ 56%] Built target gazebo_groundtruth_plugin
[ 58%] Built target gazebo_magnetometer_plugin
[ 59%] Built target gazebo_airspeed_plugin
[ 61%] Built target gazebo_camera_manager_plugin
[ 64%] Built target gazebo_user_camera_plugin
[ 65%] Built target gazebo_catapult_plugin
[ 66%] Built target LiftDragPlugin
[ 70%] Built target OpticalFlow
[ 72%] Built target gazebo_uuv_plugin
[ 74%] Built target gazebo_parachute_plugin
[ 75%] Built target gazebo_drop_plugin
[ 76%] Built target gazebo_vision_plugin
[ 77%] Built target gazebo_imu_plugin
[ 79%] Built target gazebo_gimbal_controller_plugin
[ 82%] Built target gazebo_video_stream_widget
[ 84%] Built target gazebo_mavlink_interface
[ 86%] Built target gazebo_wind_plugin
[ 88%] Built target gazebo_motor_model
[ 89%] Built target klt_feature_tracker_generate_messages_py
[ 90%] Built target klt_feature_tracker_generate_messages_eus
[ 91%] Built target klt_feature_tracker_generate_messages_nodejs
[ 92%] Built target klt_feature_tracker_generate_messages_lisp
[ 94%] Built target gazebo_airship_dynamics_plugin
[ 95%] Built target klt_feature_tracker_generate_messages_cpp
[ 96%] Built target gazebo_barometer_plugin
[ 97%] Built target gazebo_usv_dynamics_plugin
[ 98%] Built target gazebo_opticalflow_plugin
[ 98%] Built target klt_feature_tracker_generate_messages
[100%] Built target feature_tracker_node
