Linked: (/home/jinwoo/pixhawk_ws/devel/.private/mavlink_sitl_gazebo/share/roseus/ros/klt_feature_tracker/manifest.l, /home/jinwoo/pixhawk_ws/devel/share/roseus/ros/klt_feature_tracker/manifest.l)
Linked: (/home/jinwoo/pixhawk_ws/devel/.private/mavlink_sitl_gazebo/share/roseus/ros/klt_feature_tracker/srv/TrackFeatures.l, /home/jinwoo/pixhawk_ws/devel/share/roseus/ros/klt_feature_tracker/srv/TrackFeatures.l)
Linked: (/home/jinwoo/pixhawk_ws/devel/.private/mavlink_sitl_gazebo/share/klt_feature_tracker/cmake/klt_feature_tracker-msg-extras.cmake, /home/jinwoo/pixhawk_ws/devel/share/klt_feature_tracker/cmake/klt_feature_tracker-msg-extras.cmake)
Linked: (/home/jinwoo/pixhawk_ws/devel/.private/mavlink_sitl_gazebo/share/klt_feature_tracker/cmake/klt_feature_tracker-msg-paths.cmake, /home/jinwoo/pixhawk_ws/devel/share/klt_feature_tracker/cmake/klt_feature_tracker-msg-paths.cmake)
Linked: (/home/jinwoo/pixhawk_ws/devel/.private/mavlink_sitl_gazebo/share/klt_feature_tracker/cmake/klt_feature_trackerConfig.cmake, /home/jinwoo/pixhawk_ws/devel/share/klt_feature_tracker/cmake/klt_feature_trackerConfig.cmake)
Linked: (/home/jinwoo/pixhawk_ws/devel/.private/mavlink_sitl_gazebo/share/klt_feature_tracker/cmake/klt_feature_trackerConfig-version.cmake, /home/jinwoo/pixhawk_ws/devel/share/klt_feature_tracker/cmake/klt_feature_trackerConfig-version.cmake)
Linked: (/home/jinwoo/pixhawk_ws/devel/.private/mavlink_sitl_gazebo/share/common-lisp/ros/klt_feature_tracker/srv/klt_feature_tracker-srv.asd, /home/jinwoo/pixhawk_ws/devel/share/common-lisp/ros/klt_feature_tracker/srv/klt_feature_tracker-srv.asd)
Linked: (/home/jinwoo/pixhawk_ws/devel/.private/mavlink_sitl_gazebo/share/common-lisp/ros/klt_feature_tracker/srv/_package.lisp, /home/jinwoo/pixhawk_ws/devel/share/common-lisp/ros/klt_feature_tracker/srv/_package.lisp)
Linked: (/home/jinwoo/pixhawk_ws/devel/.private/mavlink_sitl_gazebo/share/common-lisp/ros/klt_feature_tracker/srv/TrackFeatures.lisp, /home/jinwoo/pixhawk_ws/devel/share/common-lisp/ros/klt_feature_tracker/srv/TrackFeatures.lisp)
Linked: (/home/jinwoo/pixhawk_ws/devel/.private/mavlink_sitl_gazebo/share/common-lisp/ros/klt_feature_tracker/srv/_package_TrackFeatures.lisp, /home/jinwoo/pixhawk_ws/devel/share/common-lisp/ros/klt_feature_tracker/srv/_package_TrackFeatures.lisp)
Linked: (/home/jinwoo/pixhawk_ws/devel/.private/mavlink_sitl_gazebo/share/gennodejs/ros/klt_feature_tracker/_index.js, /home/jinwoo/pixhawk_ws/devel/share/gennodejs/ros/klt_feature_tracker/_index.js)
Linked: (/home/jinwoo/pixhawk_ws/devel/.private/mavlink_sitl_gazebo/share/gennodejs/ros/klt_feature_tracker/srv/_index.js, /home/jinwoo/pixhawk_ws/devel/share/gennodejs/ros/klt_feature_tracker/srv/_index.js)
Linked: (/home/jinwoo/pixhawk_ws/devel/.private/mavlink_sitl_gazebo/share/gennodejs/ros/klt_feature_tracker/srv/TrackFeatures.js, /home/jinwoo/pixhawk_ws/devel/share/gennodejs/ros/klt_feature_tracker/srv/TrackFeatures.js)
Linked: (/home/jinwoo/pixhawk_ws/devel/.private/mavlink_sitl_gazebo/share/mavlink_sitl_gazebo/cmake/mavlink_sitl_gazeboConfig.cmake, /home/jinwoo/pixhawk_ws/devel/share/mavlink_sitl_gazebo/cmake/mavlink_sitl_gazeboConfig.cmake)
Linked: (/home/jinwoo/pixhawk_ws/devel/.private/mavlink_sitl_gazebo/share/mavlink_sitl_gazebo/cmake/mavlink_sitl_gazeboConfig-version.cmake, /home/jinwoo/pixhawk_ws/devel/share/mavlink_sitl_gazebo/cmake/mavlink_sitl_gazeboConfig-version.cmake)
Linked: (/home/jinwoo/pixhawk_ws/devel/.private/mavlink_sitl_gazebo/lib/libgazebo_imu_plugin.so, /home/jinwoo/pixhawk_ws/devel/lib/libgazebo_imu_plugin.so)
Linked: (/home/jinwoo/pixhawk_ws/devel/.private/mavlink_sitl_gazebo/lib/libgazebo_gps_plugin.so, /home/jinwoo/pixhawk_ws/devel/lib/libgazebo_gps_plugin.so)
Linked: (/home/jinwoo/pixhawk_ws/devel/.private/mavlink_sitl_gazebo/lib/libgazebo_user_camera_plugin.so, /home/jinwoo/pixhawk_ws/devel/lib/libgazebo_user_camera_plugin.so)
Linked: (/home/jinwoo/pixhawk_ws/devel/.private/mavlink_sitl_gazebo/lib/libgazebo_gst_camera_plugin.so, /home/jinwoo/pixhawk_ws/devel/lib/libgazebo_gst_camera_plugin.so)
Linked: (/home/jinwoo/pixhawk_ws/devel/.private/mavlink_sitl_gazebo/lib/libgazebo_drop_plugin.so, /home/jinwoo/pixhawk_ws/devel/lib/libgazebo_drop_plugin.so)
Linked: (/home/jinwoo/pixhawk_ws/devel/.private/mavlink_sitl_gazebo/lib/libgazebo_opticalflow_mockup_plugin.so, /home/jinwoo/pixhawk_ws/devel/lib/libgazebo_opticalflow_mockup_plugin.so)
Linked: (/home/jinwoo/pixhawk_ws/devel/.private/mavlink_sitl_gazebo/lib/libgazebo_irlock_plugin.so, /home/jinwoo/pixhawk_ws/devel/lib/libgazebo_irlock_plugin.so)
Linked: (/home/jinwoo/pixhawk_ws/devel/.private/mavlink_sitl_gazebo/lib/libgazebo_groundtruth_plugin.so, /home/jinwoo/pixhawk_ws/devel/lib/libgazebo_groundtruth_plugin.so)
Linked: (/home/jinwoo/pixhawk_ws/devel/.private/mavlink_sitl_gazebo/lib/libLiftDragPlugin.so, /home/jinwoo/pixhawk_ws/devel/lib/libLiftDragPlugin.so)
Linked: (/home/jinwoo/pixhawk_ws/devel/.private/mavlink_sitl_gazebo/lib/libgazebo_camera_manager_plugin.so, /home/jinwoo/pixhawk_ws/devel/lib/libgazebo_camera_manager_plugin.so)
Linked: (/home/jinwoo/pixhawk_ws/devel/.private/mavlink_sitl_gazebo/lib/libgazebo_lidar_plugin.so, /home/jinwoo/pixhawk_ws/devel/lib/libgazebo_lidar_plugin.so)
Linked: (/home/jinwoo/pixhawk_ws/devel/.private/mavlink_sitl_gazebo/lib/libgazebo_magnetometer_plugin.so, /home/jinwoo/pixhawk_ws/devel/lib/libgazebo_magnetometer_plugin.so)
Linked: (/home/jinwoo/pixhawk_ws/devel/.private/mavlink_sitl_gazebo/lib/libphysics_msgs.so, /home/jinwoo/pixhawk_ws/devel/lib/libphysics_msgs.so)
Linked: (/home/jinwoo/pixhawk_ws/devel/.private/mavlink_sitl_gazebo/lib/libgazebo_motor_model.so, /home/jinwoo/pixhawk_ws/devel/lib/libgazebo_motor_model.so)
Linked: (/home/jinwoo/pixhawk_ws/devel/.private/mavlink_sitl_gazebo/lib/libgazebo_mavlink_interface.so, /home/jinwoo/pixhawk_ws/devel/lib/libgazebo_mavlink_interface.so)
Linked: (/home/jinwoo/pixhawk_ws/devel/.private/mavlink_sitl_gazebo/lib/libgazebo_wind_plugin.so, /home/jinwoo/pixhawk_ws/devel/lib/libgazebo_wind_plugin.so)
Linked: (/home/jinwoo/pixhawk_ws/devel/.private/mavlink_sitl_gazebo/lib/libgazebo_usv_dynamics_plugin.so, /home/jinwoo/pixhawk_ws/devel/lib/libgazebo_usv_dynamics_plugin.so)
Linked: (/home/jinwoo/pixhawk_ws/devel/.private/mavlink_sitl_gazebo/lib/libgazebo_gimbal_controller_plugin.so, /home/jinwoo/pixhawk_ws/devel/lib/libgazebo_gimbal_controller_plugin.so)
Linked: (/home/jinwoo/pixhawk_ws/devel/.private/mavlink_sitl_gazebo/lib/libgazebo_airspeed_plugin.so, /home/jinwoo/pixhawk_ws/devel/lib/libgazebo_airspeed_plugin.so)
Linked: (/home/jinwoo/pixhawk_ws/devel/.private/mavlink_sitl_gazebo/lib/libgazebo_video_stream_widget.so, /home/jinwoo/pixhawk_ws/devel/lib/libgazebo_video_stream_widget.so)
Linked: (/home/jinwoo/pixhawk_ws/devel/.private/mavlink_sitl_gazebo/lib/libstd_msgs.so, /home/jinwoo/pixhawk_ws/devel/lib/libstd_msgs.so)
Linked: (/home/jinwoo/pixhawk_ws/devel/.private/mavlink_sitl_gazebo/lib/libgazebo_catapult_plugin.so, /home/jinwoo/pixhawk_ws/devel/lib/libgazebo_catapult_plugin.so)
Linked: (/home/jinwoo/pixhawk_ws/devel/.private/mavlink_sitl_gazebo/lib/libgazebo_controller_interface.so, /home/jinwoo/pixhawk_ws/devel/lib/libgazebo_controller_interface.so)
Linked: (/home/jinwoo/pixhawk_ws/devel/.private/mavlink_sitl_gazebo/lib/libnav_msgs.so, /home/jinwoo/pixhawk_ws/devel/lib/libnav_msgs.so)
Linked: (/home/jinwoo/pixhawk_ws/devel/.private/mavlink_sitl_gazebo/lib/libklt_feature_tracker.so, /home/jinwoo/pixhawk_ws/devel/lib/libklt_feature_tracker.so)
Linked: (/home/jinwoo/pixhawk_ws/devel/.private/mavlink_sitl_gazebo/lib/libgazebo_vision_plugin.so, /home/jinwoo/pixhawk_ws/devel/lib/libgazebo_vision_plugin.so)
Linked: (/home/jinwoo/pixhawk_ws/devel/.private/mavlink_sitl_gazebo/lib/libgazebo_barometer_plugin.so, /home/jinwoo/pixhawk_ws/devel/lib/libgazebo_barometer_plugin.so)
Linked: (/home/jinwoo/pixhawk_ws/devel/.private/mavlink_sitl_gazebo/lib/libsensor_msgs.so, /home/jinwoo/pixhawk_ws/devel/lib/libsensor_msgs.so)
Linked: (/home/jinwoo/pixhawk_ws/devel/.private/mavlink_sitl_gazebo/lib/libgazebo_parachute_plugin.so, /home/jinwoo/pixhawk_ws/devel/lib/libgazebo_parachute_plugin.so)
Linked: (/home/jinwoo/pixhawk_ws/devel/.private/mavlink_sitl_gazebo/lib/libgazebo_opticalflow_plugin.so, /home/jinwoo/pixhawk_ws/devel/lib/libgazebo_opticalflow_plugin.so)
Linked: (/home/jinwoo/pixhawk_ws/devel/.private/mavlink_sitl_gazebo/lib/libgazebo_uuv_plugin.so, /home/jinwoo/pixhawk_ws/devel/lib/libgazebo_uuv_plugin.so)
Linked: (/home/jinwoo/pixhawk_ws/devel/.private/mavlink_sitl_gazebo/lib/libgazebo_multirotor_base_plugin.so, /home/jinwoo/pixhawk_ws/devel/lib/libgazebo_multirotor_base_plugin.so)
Linked: (/home/jinwoo/pixhawk_ws/devel/.private/mavlink_sitl_gazebo/lib/libmav_msgs.so, /home/jinwoo/pixhawk_ws/devel/lib/libmav_msgs.so)
Linked: (/home/jinwoo/pixhawk_ws/devel/.private/mavlink_sitl_gazebo/lib/libgazebo_sonar_plugin.so, /home/jinwoo/pixhawk_ws/devel/lib/libgazebo_sonar_plugin.so)
Linked: (/home/jinwoo/pixhawk_ws/devel/.private/mavlink_sitl_gazebo/lib/libgazebo_airship_dynamics_plugin.so, /home/jinwoo/pixhawk_ws/devel/lib/libgazebo_airship_dynamics_plugin.so)
Linked: (/home/jinwoo/pixhawk_ws/devel/.private/mavlink_sitl_gazebo/lib/klt_feature_tracker/feature_tracker_node, /home/jinwoo/pixhawk_ws/devel/lib/klt_feature_tracker/feature_tracker_node)
Linked: (/home/jinwoo/pixhawk_ws/devel/.private/mavlink_sitl_gazebo/lib/pkgconfig/klt_feature_tracker.pc, /home/jinwoo/pixhawk_ws/devel/lib/pkgconfig/klt_feature_tracker.pc)
Linked: (/home/jinwoo/pixhawk_ws/devel/.private/mavlink_sitl_gazebo/lib/pkgconfig/mavlink_sitl_gazebo.pc, /home/jinwoo/pixhawk_ws/devel/lib/pkgconfig/mavlink_sitl_gazebo.pc)
Linked: (/home/jinwoo/pixhawk_ws/devel/.private/mavlink_sitl_gazebo/lib/python3/dist-packages/klt_feature_tracker/__init__.py, /home/jinwoo/pixhawk_ws/devel/lib/python3/dist-packages/klt_feature_tracker/__init__.py)
Linked: (/home/jinwoo/pixhawk_ws/devel/.private/mavlink_sitl_gazebo/lib/python3/dist-packages/klt_feature_tracker/srv/__init__.py, /home/jinwoo/pixhawk_ws/devel/lib/python3/dist-packages/klt_feature_tracker/srv/__init__.py)
Linked: (/home/jinwoo/pixhawk_ws/devel/.private/mavlink_sitl_gazebo/lib/python3/dist-packages/klt_feature_tracker/srv/_TrackFeatures.py, /home/jinwoo/pixhawk_ws/devel/lib/python3/dist-packages/klt_feature_tracker/srv/_TrackFeatures.py)
Linked: (/home/jinwoo/pixhawk_ws/devel/.private/mavlink_sitl_gazebo/include/klt_feature_tracker/TrackFeaturesResponse.h, /home/jinwoo/pixhawk_ws/devel/include/klt_feature_tracker/TrackFeaturesResponse.h)
Linked: (/home/jinwoo/pixhawk_ws/devel/.private/mavlink_sitl_gazebo/include/klt_feature_tracker/TrackFeatures.h, /home/jinwoo/pixhawk_ws/devel/include/klt_feature_tracker/TrackFeatures.h)
Linked: (/home/jinwoo/pixhawk_ws/devel/.private/mavlink_sitl_gazebo/include/klt_feature_tracker/TrackFeaturesRequest.h, /home/jinwoo/pixhawk_ws/devel/include/klt_feature_tracker/TrackFeaturesRequest.h)
Linked: (/home/jinwoo/pixhawk_ws/devel/.private/mavlink_sitl_gazebo/etc/catkin/profile.d/50_sitl_gazebo_setup.sh, /home/jinwoo/pixhawk_ws/devel/etc/catkin/profile.d/50_sitl_gazebo_setup.sh)
Linked: (/home/jinwoo/pixhawk_ws/devel/.private/mavlink_sitl_gazebo/etc/catkin/profile.d/cmake.lock, /home/jinwoo/pixhawk_ws/devel/etc/catkin/profile.d/cmake.lock)
