[ 15%] Built target models_gen
[ 30%] Built target sensor_msgs
[ 32%] Built target physics_msgs
[ 37%] Built target nav_msgs
[ 37%] Built target std_msgs
[ 41%] Built target mav_msgs
[ 42%] Built target klt_feature_tracker
[ 42%] Built target sensor_msgs_generate_messages_eus
[ 42%] Built target std_msgs_generate_messages_eus
[ 42%] Built target sensor_msgs_generate_messages_py
[ 42%] Built target sensor_msgs_generate_messages_lisp
[ 42%] Built target std_msgs_generate_messages_py
[ 42%] Built target std_msgs_generate_messages_lisp
[ 42%] Built target sensor_msgs_generate_messages_nodejs
[ 42%] Built target std_msgs_generate_messages_nodejs
[ 42%] Built target std_msgs_generate_messages_cpp
[ 42%] Built target sensor_msgs_generate_messages_cpp
[ 42%] Built target _klt_feature_tracker_generate_messages_check_deps_TrackFeatures
[ 43%] Built target gazebo_lidar_plugin
[ 46%] Built target gazebo_multirotor_base_plugin
[ 46%] Built target gazebo_gps_plugin
[ 48%] Built target gazebo_opticalflow_mockup_plugin
[ 50%] Built target gazebo_irlock_plugin
[ 51%] Built target gazebo_sonar_plugin
[ 53%] Built target gazebo_gst_camera_plugin
[ 55%] Built target gazebo_controller_interface
[ 58%] Built target gazebo_user_camera_plugin
[ 60%] Built target gazebo_camera_manager_plugin
[ 64%] Built target OpticalFlow
[ 66%] Built target gazebo_magnetometer_plugin
[ 67%] Built target gazebo_groundtruth_plugin
[ 69%] Built target gazebo_airspeed_plugin
[ 69%] Built target gazebo_catapult_plugin
[ 70%] Built target LiftDragPlugin
[ 71%] Built target gazebo_drop_plugin
[ 73%] Built target gazebo_parachute_plugin
[ 75%] Built target gazebo_uuv_plugin
[ 76%] Built target gazebo_vision_plugin
[ 78%] Built target gazebo_gimbal_controller_plugin
[ 79%] Built target gazebo_imu_plugin
[ 80%] Built target klt_feature_tracker_generate_messages_eus
[ 81%] Built target klt_feature_tracker_generate_messages_py
[ 82%] Built target klt_feature_tracker_generate_messages_nodejs
[ 83%] Built target klt_feature_tracker_generate_messages_lisp
[ 85%] Built target gazebo_motor_model
[ 87%] Built target gazebo_wind_plugin
[ 88%] Built target klt_feature_tracker_generate_messages_cpp
[ 90%] Built target gazebo_airship_dynamics_plugin
[ 91%] Built target gazebo_usv_dynamics_plugin
[ 94%] Built target gazebo_video_stream_widget
[ 95%] Built target gazebo_barometer_plugin
[ 97%] Built target gazebo_mavlink_interface
[ 97%] Built target klt_feature_tracker_generate_messages
[ 98%] Built target gazebo_opticalflow_plugin
[100%] Built target feature_tracker_node
