[ 15%] Built target models_gen
[ 15%] Built target sensor_msgs_generate_messages_eus
[ 16%] Built target std_msgs_generate_messages_eus
[ 17%] Built target nav_msgs
[ 19%] Built target physics_msgs
[ 23%] Built target mav_msgs
[ 38%] Built target sensor_msgs
[ 41%] Built target std_msgs
[ 42%] Built target klt_feature_tracker
[ 42%] Built target sensor_msgs_generate_messages_py
[ 42%] Built target std_msgs_generate_messages_py
[ 42%] Built target sensor_msgs_generate_messages_lisp
[ 42%] Built target std_msgs_generate_messages_lisp
[ 42%] Built target sensor_msgs_generate_messages_nodejs
[ 42%] Built target std_msgs_generate_messages_nodejs
[ 42%] Built target std_msgs_generate_messages_cpp
[ 42%] Built target sensor_msgs_generate_messages_cpp
[ 42%] Built target _klt_feature_tracker_generate_messages_check_deps_TrackFeatures
[ 43%] Built target gazebo_lidar_plugin
[ 44%] Built target gazebo_multirotor_base_plugin
[ 46%] Built target gazebo_gps_plugin
[ 48%] Built target gazebo_opticalflow_mockup_plugin
[ 50%] Built target gazebo_irlock_plugin
[ 51%] Built target gazebo_sonar_plugin
[ 53%] Built target gazebo_gst_camera_plugin
[ 55%] Built target gazebo_controller_interface
[ 58%] Built target gazebo_user_camera_plugin
[ 59%] Built target gazebo_airspeed_plugin
[ 60%] Built target gazebo_groundtruth_plugin
[ 62%] Built target gazebo_magnetometer_plugin
[ 64%] Built target gazebo_camera_manager_plugin
[ 68%] Built target OpticalFlow
[ 69%] Built target gazebo_catapult_plugin
[ 70%] Built target LiftDragPlugin
[ 71%] Built target gazebo_drop_plugin
[ 73%] Built target gazebo_uuv_plugin
[ 75%] Built target gazebo_parachute_plugin
[ 76%] Built target gazebo_vision_plugin
[ 78%] Built target gazebo_gimbal_controller_plugin
[ 79%] Built target gazebo_imu_plugin
[ 82%] Built target gazebo_video_stream_widget
[ 84%] Built target gazebo_mavlink_interface
[ 86%] Built target gazebo_motor_model
[ 88%] Built target gazebo_airship_dynamics_plugin
[ 90%] Built target gazebo_wind_plugin
[ 91%] Built target klt_feature_tracker_generate_messages_eus
[ 92%] Built target gazebo_barometer_plugin
[ 93%] Built target klt_feature_tracker_generate_messages_py
[ 94%] Built target gazebo_usv_dynamics_plugin
[ 95%] Built target klt_feature_tracker_generate_messages_lisp
[ 96%] Built target klt_feature_tracker_generate_messages_cpp
[ 97%] Built target klt_feature_tracker_generate_messages_nodejs
[ 98%] Built target gazebo_opticalflow_plugin
[100%] Built target feature_tracker_node
[100%] Built target klt_feature_tracker_generate_messages
