[  1%] Built target std_msgs_generate_messages_eus
[  1%] Built target sensor_msgs_generate_messages_lisp
[  1%] Built target sensor_msgs_generate_messages_eus
[  1%] Built target std_msgs_generate_messages_py
[ 15%] Built target std_msgs_generate_messages_lisp
[ 15%] Built target models_gen
[  1%] Built target sensor_msgs_generate_messages_py
[ 20%] Built target nav_msgs
[ 21%] Built target mav_msgs
[ 23%] Built target physics_msgs
[ 28%] Built target klt_feature_tracker
[ 39%] Built target sensor_msgs
[ 42%] Built target std_msgs
[ 42%] Built target std_msgs_generate_messages_cpp
[ 42%] Built target sensor_msgs_generate_messages_cpp
[ 42%] Built target std_msgs_generate_messages_nodejs
[ 42%] Built target sensor_msgs_generate_messages_nodejs
[ 42%] Built target _klt_feature_tracker_generate_messages_check_deps_TrackFeatures
[ 46%] Built target OpticalFlow
[ 48%] Built target gazebo_opticalflow_mockup_plugin
[ 50%] Built target gazebo_multirotor_base_plugin
[ 51%] Built target gazebo_irlock_plugin
[ 52%] Built target gazebo_sonar_plugin
[ 54%] Built target gazebo_gst_camera_plugin
[ 56%] Built target gazebo_gps_plugin
[ 57%] Built target gazebo_lidar_plugin
[ 59%] Built target gazebo_controller_interface
[ 63%] Built target gazebo_camera_manager_plugin
[ 63%] Built target gazebo_magnetometer_plugin
[ 64%] Built target gazebo_groundtruth_plugin
[ 67%] Built target gazebo_user_camera_plugin
[ 68%] Built target gazebo_catapult_plugin
[ 69%] Built target gazebo_airspeed_plugin
[ 71%] Built target gazebo_drop_plugin
[ 71%] Built target gazebo_vision_plugin
[ 73%] Built target gazebo_parachute_plugin
[ 75%] Built target gazebo_uuv_plugin
[ 76%] Built target LiftDragPlugin
[ 77%] Built target gazebo_opticalflow_plugin
[ 78%] Built target gazebo_imu_plugin
[ 80%] Built target gazebo_gimbal_controller_plugin
[ 82%] Built target gazebo_motor_model
[ 85%] Built target gazebo_video_stream_widget
[ 87%] Built target gazebo_mavlink_interface
[ 88%] Built target klt_feature_tracker_generate_messages_eus
[ 90%] Built target gazebo_wind_plugin
[ 92%] Built target gazebo_airship_dynamics_plugin
[ 93%] Built target gazebo_barometer_plugin
[ 94%] Built target gazebo_usv_dynamics_plugin
[ 95%] Built target klt_feature_tracker_generate_messages_py
[ 96%] Built target klt_feature_tracker_generate_messages_lisp
[ 97%] Built target klt_feature_tracker_generate_messages_nodejs
[ 98%] Built target klt_feature_tracker_generate_messages_cpp
[ 98%] Built target klt_feature_tracker_generate_messages
[100%] Built target feature_tracker_node
