[  1%] Built target sensor_msgs_generate_messages_py
[  1%] Built target std_msgs_generate_messages_lisp
[  1%] Built target sensor_msgs_generate_messages_eus
[  1%] Built target std_msgs_generate_messages_py
[ 15%] Built target models_gen
[ 15%] Built target std_msgs_generate_messages_eus
[ 15%] Built target sensor_msgs_generate_messages_lisp
[ 17%] Built target physics_msgs
[ 21%] Built target mav_msgs
[ 22%] Built target klt_feature_tracker
[ 37%] Built target sensor_msgs
[ 39%] Built target nav_msgs
[ 42%] Built target std_msgs
[ 42%] Built target std_msgs_generate_messages_nodejs
[ 42%] Built target sensor_msgs_generate_messages_nodejs
[ 42%] Built target sensor_msgs_generate_messages_cpp
[ 42%] Built target std_msgs_generate_messages_cpp
[ 42%] Built target _klt_feature_tracker_generate_messages_check_deps_TrackFeatures
[ 46%] Built target OpticalFlow
[ 47%] Built target gazebo_lidar_plugin
[ 50%] Built target gazebo_irlock_plugin
[ 51%] Built target gazebo_opticalflow_mockup_plugin
[ 52%] Built target gazebo_multirotor_base_plugin
[ 53%] Built target gazebo_sonar_plugin
[ 55%] Built target gazebo_controller_interface
[ 57%] Built target gazebo_gps_plugin
[ 59%] Built target gazebo_gst_camera_plugin
[ 60%] Built target gazebo_groundtruth_plugin
[ 62%] Built target gazebo_camera_manager_plugin
[ 64%] Built target gazebo_magnetometer_plugin
[ 67%] Built target gazebo_user_camera_plugin
[ 68%] Built target gazebo_catapult_plugin
[ 69%] Built target gazebo_airspeed_plugin
[ 70%] Built target gazebo_opticalflow_plugin
[ 71%] Built target LiftDragPlugin
[ 73%] Built target gazebo_uuv_plugin
[ 74%] Built target gazebo_imu_plugin
[ 76%] Built target gazebo_drop_plugin
[ 77%] Built target gazebo_parachute_plugin
[ 78%] Built target gazebo_vision_plugin
[ 80%] Built target gazebo_gimbal_controller_plugin
[ 83%] Built target gazebo_video_stream_widget
[ 85%] Built target gazebo_mavlink_interface
[ 87%] Built target gazebo_motor_model
[ 89%] Built target gazebo_wind_plugin
[ 91%] Built target gazebo_airship_dynamics_plugin
[ 93%] Built target klt_feature_tracker_generate_messages_lisp
[ 93%] Built target klt_feature_tracker_generate_messages_eus
[ 94%] Built target klt_feature_tracker_generate_messages_py
[ 95%] Built target klt_feature_tracker_generate_messages_nodejs
[ 96%] Built target gazebo_barometer_plugin
[ 97%] Built target klt_feature_tracker_generate_messages_cpp
[ 98%] Built target gazebo_usv_dynamics_plugin
[ 98%] Built target klt_feature_tracker_generate_messages
[100%] Built target feature_tracker_node
