[ 15%] Built target models_gen
[ 30%] Built target sensor_msgs
[ 32%] Built target physics_msgs
[ 32%] Built target sensor_msgs_generate_messages_eus
[ 32%] Built target std_msgs_generate_messages_eus
[ 34%] Built target nav_msgs
[ 38%] Built target mav_msgs
[ 40%] Built target klt_feature_tracker
[ 42%] Built target std_msgs
[ 42%] Built target sensor_msgs_generate_messages_py
[ 42%] Built target std_msgs_generate_messages_py
[ 42%] Built target sensor_msgs_generate_messages_lisp
[ 42%] Built target std_msgs_generate_messages_lisp
[ 42%] Built target sensor_msgs_generate_messages_nodejs
[ 42%] Built target std_msgs_generate_messages_nodejs
[ 42%] Built target std_msgs_generate_messages_cpp
[ 42%] Built target sensor_msgs_generate_messages_cpp
[ 42%] Built target _klt_feature_tracker_generate_messages_check_deps_TrackFeatures
[ 43%] Built target gazebo_multirotor_base_plugin
[ 44%] Built target gazebo_lidar_plugin
[ 46%] Built target gazebo_gps_plugin
[ 48%] Built target gazebo_opticalflow_mockup_plugin
[ 50%] Built target gazebo_irlock_plugin
[ 51%] Built target gazebo_sonar_plugin
[ 53%] Built target gazebo_gst_camera_plugin
[ 55%] Built target gazebo_controller_interface
[ 58%] Built target gazebo_user_camera_plugin
[ 59%] Built target gazebo_groundtruth_plugin
[ 63%] Built target gazebo_magnetometer_plugin
[ 63%] Built target gazebo_camera_manager_plugin
[ 64%] Built target gazebo_airspeed_plugin
[ 68%] Built target OpticalFlow
[ 70%] Built target gazebo_catapult_plugin
[ 70%] Built target LiftDragPlugin
[ 72%] Built target gazebo_uuv_plugin
[ 74%] Built target gazebo_parachute_plugin
[ 75%] Built target gazebo_drop_plugin
[ 78%] Built target gazebo_vision_plugin
[ 78%] Built target gazebo_gimbal_controller_plugin
[ 79%] Built target gazebo_imu_plugin
[ 81%] Built target gazebo_motor_model
[ 83%] Built target gazebo_wind_plugin
[ 85%] Built target gazebo_mavlink_interface
[ 88%] Built target gazebo_airship_dynamics_plugin
[ 90%] Built target gazebo_video_stream_widget
[ 91%] Built target klt_feature_tracker_generate_messages_eus
[ 92%] Built target klt_feature_tracker_generate_messages_lisp
[ 93%] Built target gazebo_barometer_plugin
[ 94%] Built target klt_feature_tracker_generate_messages_py
[ 95%] Built target gazebo_usv_dynamics_plugin
[ 96%] Built target klt_feature_tracker_generate_messages_cpp
[ 97%] Built target klt_feature_tracker_generate_messages_nodejs
[ 98%] Built target gazebo_opticalflow_plugin
[ 98%] Built target klt_feature_tracker_generate_messages
[100%] Built target feature_tracker_node
