[  1%] Built target drivers_board
[  1%] Built target uorb_headers
[  1%] Built target parameters_xml
[  1%] Built target ver_gen
[  1%] Built target git_ecl
[  1%] Built target mixer_gen
[  2%] Built target MixerBase
[  2%] Built target mixer_gen_6dof
[  2%] Built target output_limit
[  3%] Built target rc
[  4%] Built target version
[  4%] Built target component_information_header
[  4%] Built target git_gps_devices
[  4%] Built target git_mavlink_v2
[  4%] [34m[1mGenerating ../../logs[0m
[  4%] Built target tinybson
[  4%] Built target logs_symlink
[  4%] Built target perf
[  4%] Built target component_general_json
[  4%] Built target ecl_airdata
[  5%] Built target work_queue
[  5%] Built target ecl_geo_lookup
[  5%] Built target ecl_geo
[  5%] Built target SimpleMixer
[  5%] Built target AllocatedActuatorMixer
[  5%] Built target HelicopterMixer
[ 25%] Built target uorb_msgs
[ 25%] Built target MultirotorMixer
[ 25%] Built target NullMixer
[ 26%] Built target romfs_gen_files_target
[ 29%] Built target ecl_EKF
[ 29%] Built target mixer
[ 30%] Built target parameters
[ 30%] Built target generate_topic_listener
[ 30%] Built target px4_work_queue
[ 31%] Built target uORB
[ 33%] Built target px4_platform
[ 33%] Built target lockstep_scheduler
[ 33%] Built target px4_daemon
[ 34%] Built target px4_layer
[ 35%] Built target cdev
[ 39%] Built target landing_slope
[ 39%] Built target airspeed
[ 39%] Built target AirspeedValidator
[ 39%] Built target systemlib
[ 39%] Built target hysteresis
[ 39%] Built target circuit_breaker
[ 39%] Built target l1
[ 39%] Built target battery
[ 39%] Built target conversion
[ 40%] Built target CollisionPrevention
[ 39%] Built target bezier
[ 40%] Built target drivers_barometer
[ 41%] Built target drivers__device
[ 41%] Built target mathlib
[ 42%] Built target controllib
[ 43%] Built target drivers__camera_capture
[ 43%] Built target WeatherVane
[ 43%] Built target lib__rc__rc_tests
[ 43%] Built target tecs
[ 43%] Built target SlewRate
[ 44%] Built target motion_planning
[ 44%] Built target pid
[ 44%] Built target modules__uORB__uORB_tests
[ 44%] Built target sensor_calibration
[ 45%] Built target drivers__camera_trigger
[ 46%] Built target arch_tone_alarm
[ 47%] Built target tunes
[ 48%] Built target mixer_module
[ 50%] Built target lib__work_queue__test__wqueue_test
[ 51%] Built target drivers__gps
[ 51%] Built target HealthFlags
[ 51%] Built target modules__airspeed_selector
[ 51%] Built target examples__rpm_simulator
[ 51%] Built target ArmAuthorization
[ 52%] Built target modules__commander__commander_tests
[ 53%] Built target modules__camera_feedback
[ 53%] Built target modules__dataman
[ 53%] Built target modules__airship_att_control
[ 53%] Built target FlightTask
[ 53%] Built target failure_detector
[ 53%] Built target modules__attitude_estimator_q
[ 54%] Built target modules__events
[ 54%] Built target EKF2Utility
[ 55%] Built target modules__fw_att_control
[ 55%] Built target launchdetection
[ 55%] Built target runway_takeoff
[ 56%] Built target modules__gyro_fft
[ 56%] Built target modules__gyro_calibration
[ 56%] Built target modules__load_mon
[ 57%] Built target modules__landing_target_estimator
[ 58%] Built target modules__logger
[ 58%] Built target AttitudeControl
[ 59%] Built target zero_order_hover_thrust_ekf
[ 61%] Built target PositionControl
[ 61%] Built target modules__land_detector
[ 61%] Built target Takeoff
[ 61%] Built target RateControl
[ 63%] Built target modules__local_position_estimator
[ 63%] Built target geofence_breach_avoidance
[ 63%] Built target modules__mavlink__mavlink_tests
[ 63%] Built target data_validator
[ 63%] Built target modules__rc_update
[ 64%] Built target modules__replay
[ 64%] Built target modules__rover_pos_control
[ 65%] Built target vehicle_angular_velocity
[ 65%] Built target vehicle_air_data
[ 65%] Built target vehicle_gps_position
[ 65%] Built target vehicle_acceleration
[ 65%] Built target vehicle_imu
[ 65%] Built target vehicle_magnetometer
[ 66%] Built target modules__simulator__battery_simulator
[ 66%] Built target modules__temperature_compensation
[ 66%] Built target modules__uuv_att_control
[ 66%] Built target modules__uuv_pos_control
[ 67%] Built target drivers__vmount
[ 67%] Built target systemcmds__esc_calib
[ 67%] Built target systemcmds__dyn
[ 68%] Built target modules__vtol_att_control
[ 68%] Built target systemcmds__mixer
[ 69%] Built target systemcmds__led_control
[ 69%] Built target systemcmds__failure
[ 69%] Built target systemcmds__motor_test
[ 69%] Built target systemcmds__motor_ramp
[ 69%] Built target systemcmds__param
[ 69%] Built target systemcmds__pwm
[ 69%] Built target systemcmds__sd_bench
[ 70%] Built target systemcmds__perf
[ 70%] Built target systemcmds__shutdown
[ 71%] Built target systemcmds__system_time
[ 77%] Built target systemcmds__tests
[ 78%] Built target systemcmds__tests__hrt_test
[ 78%] Built target systemcmds__uorb
[ 78%] Built target examples__hello
[ 78%] Built target systemcmds__tune_control
[ 78%] Built target systemcmds__work_queue
[ 78%] Built target modules__fake_gps
[ 79%] Built target examples__px4_mavlink_debug
[ 79%] Built target examples__fixedwing_control
[ 79%] Built target systemcmds__topic_listener
[ 79%] Built target systemcmds__ver
[ 79%] Built target examples__px4_simple_app
[ 79%] Built target examples__uuv_example_app
[ 79%] Built target examples__rover_steering_control
[ 80%] Built target examples__work_item
[ 81%] Built target drivers_accelerometer
[ 81%] Built target lib__controllib__controllib_test
[ 81%] Built target avoidance
[ 81%] Built target drivers_gyroscope
[ 81%] Built target lib__cdev__test__cdev_test
[ 82%] Built target drivers__tone_alarm
[ 82%] Built target FlightTaskDescend
[ 82%] Built target drivers__pwm_out_sim
[ 83%] Built target FlightTaskUtility
[ 83%] Built target drivers_magnetometer
[ 83%] Built target FlightTaskTransition
[ 83%] Built target modules__ekf2
[ 85%] Built target PreFlightCheck
[ 85%] Built target modules__fw_pos_control_l1
[ 85%] Built target FlightTaskFailsafe
[ 86%] Built target modules__mc_att_control
[ 86%] Built target modules__mc_rate_control
[ 86%] Built target FlightTaskAuto
[ 86%] Built target modules__mc_hover_thrust_estimator
[ 86%] Built target modules__sensors
[ 88%] Built target modules__simulator
[ 89%] Built target examples__fake_magnetometer
[ 89%] Built target modules__fake_imu
[ 89%] Built target modules__mc_pos_control
[ 89%] Built target FlightTaskManualAltitude
[ 91%] Built target modules__navigator
[ 92%] Built target modules__commander
[ 93%] Built target FlightTaskAutoMapper
[ 93%] Built target FlightTaskAutoFollowMe
[ 95%] Built target modules__mavlink
[ 95%] Built target FlightTaskManualAltitudeSmoothVel
[ 95%] Built target FlightTaskManualPosition
[ 95%] Built target FlightTaskAutoLineSmoothVel
[ 95%] Built target FlightTaskOrbit
[ 96%] Built target FlightTaskManualPositionSmoothVel
[ 97%] Built target FlightTaskManualAcceleration
[ 98%] Built target modules__flight_mode_manager
[100%] Built target px4
[100%] Built target examples__dyn_hello
