[  0%] Built target ver_gen
[  0%] Built target git_ecl
[  0%] Built target mixer_gen_6dof
[  0%] Built target mixer_gen
[  1%] Built target drivers_board
[  1%] Built target git_gps_devices
[  1%] Built target git_mavlink_v2
[  1%] Built target uorb_headers
[  1%] [34m[1mGenerating ../../logs[0m
[  1%] Built target parameters_xml
[  1%] Built target logs_symlink
[  1%] Built target tinybson
[  1%] Built target ecl_airdata
[  3%] Built target version
[  3%] Built target work_queue
[  4%] Built target output_limit
[  4%] Built target MixerBase
[  4%] Built target perf
[  4%] Built target ecl_geo
[  4%] Built target ecl_geo_lookup
[  5%] Built target rc
[  5%] Built target component_information_header
[  5%] Built target component_general_json
[  5%] Built target MultirotorMixer
[  5%] Built target HelicopterMixer
[  5%] Built target NullMixer
[  5%] Built target AllocatedActuatorMixer
[  5%] Built target SimpleMixer
[  8%] Built target ecl_EKF
[  9%] Built target romfs_gen_files_target
[ 29%] Built target uorb_msgs
[ 29%] Built target mixer
[ 29%] Built target generate_topic_listener
[ 30%] Built target parameters
[ 30%] Built target px4_work_queue
[ 31%] Built target uORB
[ 33%] Built target px4_platform
[ 33%] Built target lockstep_scheduler
[ 33%] Built target px4_daemon
[ 34%] Built target px4_layer
[ 35%] Built target cdev
[ 38%] Built target conversion
[ 38%] Built target airspeed
[ 38%] Built target systemlib
[ 38%] Built target circuit_breaker
[ 38%] Built target hysteresis
[ 38%] Built target bezier
[ 38%] Built target AirspeedValidator
[ 39%] Built target drivers__device
[ 39%] Built target l1
[ 40%] Built target CollisionPrevention
[ 40%] Built target battery
[ 41%] Built target controllib
[ 41%] Built target drivers_barometer
[ 41%] Built target tecs
[ 41%] Built target mathlib
[ 41%] Built target lib__rc__rc_tests
[ 41%] Built target WeatherVane
[ 41%] Built target pid
[ 42%] Built target motion_planning
[ 43%] Built target mixer_module
[ 44%] Built target landing_slope
[ 45%] Built target tunes
[ 45%] Built target sensor_calibration
[ 45%] Built target modules__uORB__uORB_tests
[ 46%] Built target arch_tone_alarm
[ 47%] Built target lib__work_queue__test__wqueue_test
[ 47%] Built target modules__airship_att_control
[ 47%] Built target examples__rpm_simulator
[ 50%] Built target drivers__camera_trigger
[ 50%] Built target drivers__gps
[ 50%] Built target modules__attitude_estimator_q
[ 50%] Built target drivers__camera_capture
[ 50%] Built target modules__airspeed_selector
[ 51%] Built target modules__camera_feedback
[ 51%] Built target failure_detector
[ 51%] Built target ArmAuthorization
[ 51%] Built target HealthFlags
[ 52%] Built target modules__commander__commander_tests
[ 52%] Built target modules__dataman
[ 52%] Built target EKF2Utility
[ 52%] Built target runway_takeoff
[ 52%] Built target launchdetection
[ 53%] Built target modules__events
[ 54%] Built target modules__fw_att_control
[ 55%] Built target FlightTask
[ 55%] Built target modules__landing_target_estimator
[ 55%] Built target modules__gyro_calibration
[ 57%] Built target modules__gyro_fft
[ 57%] Built target modules__land_detector
[ 57%] Built target modules__load_mon
[ 58%] Built target modules__logger
[ 59%] Built target modules__local_position_estimator
[ 60%] Built target AttitudeControl
[ 60%] Built target zero_order_hover_thrust_ekf
[ 61%] Built target modules__mavlink__mavlink_tests
[ 61%] Built target PositionControl
[ 61%] Built target Takeoff
[ 61%] Built target geofence_breach_avoidance
[ 61%] Built target RateControl
[ 61%] Built target modules__rc_update
[ 63%] Built target modules__replay
[ 63%] Built target vehicle_acceleration
[ 63%] Built target data_validator
[ 63%] Built target modules__rover_pos_control
[ 63%] Built target vehicle_angular_velocity
[ 63%] Built target vehicle_air_data
[ 64%] Built target vehicle_gps_position
[ 64%] Built target vehicle_imu
[ 64%] Built target vehicle_magnetometer
[ 64%] Built target modules__uuv_att_control
[ 64%] Built target modules__uuv_pos_control
[ 65%] Built target modules__vtol_att_control
[ 65%] Built target systemcmds__dyn
[ 66%] Built target modules__temperature_compensation
[ 66%] Built target modules__simulator__battery_simulator
[ 67%] Built target drivers__vmount
[ 68%] Built target systemcmds__led_control
[ 68%] Built target systemcmds__failure
[ 68%] Built target systemcmds__esc_calib
[ 68%] Built target systemcmds__motor_ramp
[ 68%] Built target systemcmds__motor_test
[ 68%] Built target systemcmds__mixer
[ 68%] Built target systemcmds__param
[ 69%] Built target systemcmds__perf
[ 69%] Built target systemcmds__shutdown
[ 69%] Built target systemcmds__sd_bench
[ 70%] Built target systemcmds__system_time
[ 70%] Built target systemcmds__tests__hrt_test
[ 70%] Built target systemcmds__pwm
[ 71%] Built target systemcmds__tune_control
[ 71%] Built target systemcmds__topic_listener
[ 71%] Built target systemcmds__uorb
[ 71%] Built target systemcmds__work_queue
[ 73%] Built target systemcmds__ver
[ 77%] Built target systemcmds__tests
[ 77%] Built target modules__fake_gps
[ 77%] Built target examples__fixedwing_control
[ 78%] Built target examples__px4_mavlink_debug
[ 78%] Built target examples__hello
[ 78%] Built target examples__uuv_example_app
[ 78%] Built target examples__px4_simple_app
[ 78%] Built target examples__rover_steering_control
[ 79%] Built target examples__work_item
[ 80%] Built target lib__cdev__test__cdev_test
[ 80%] Built target drivers_accelerometer
[ 80%] Built target avoidance
[ 80%] Built target lib__controllib__controllib_test
[ 80%] Built target drivers_gyroscope
[ 80%] Built target drivers_magnetometer
[ 81%] Built target SlewRate
[ 82%] Built target drivers__pwm_out_sim
[ 82%] Built target drivers__tone_alarm
[ 82%] Built target modules__ekf2
[ 82%] Built target FlightTaskFailsafe
[ 84%] Built target PreFlightCheck
[ 84%] Built target FlightTaskTransition
[ 84%] Built target FlightTaskDescend
[ 84%] Built target modules__mc_hover_thrust_estimator
[ 85%] Built target modules__mc_att_control
[ 85%] Built target modules__mc_rate_control
[ 88%] Built target modules__navigator
[ 88%] Built target modules__sensors
[ 88%] Built target modules__fw_pos_control_l1
[ 89%] Built target modules__fake_imu
[ 89%] Built target examples__fake_magnetometer
[ 90%] Built target FlightTaskUtility
[ 90%] Built target modules__mc_pos_control
[ 91%] Built target modules__commander
[ 92%] Built target modules__simulator
[ 94%] Built target modules__mavlink
[ 94%] Built target FlightTaskManualAltitude
[ 94%] Built target FlightTaskAuto
[ 95%] Built target FlightTaskManualAltitudeSmoothVel
[ 95%] Built target FlightTaskManualPosition
[ 95%] Built target FlightTaskAutoFollowMe
[ 95%] Built target FlightTaskAutoMapper
[ 97%] Built target FlightTaskManualPositionSmoothVel
[ 97%] Built target FlightTaskManualAcceleration
[ 97%] Built target FlightTaskOrbit
[ 97%] Built target FlightTaskAutoLineSmoothVel
[ 98%] Built target modules__flight_mode_manager
[100%] Built target px4
[100%] Built target examples__dyn_hello
