Performing C SOURCE FILE Test CMAKE_HAVE_LIBC_PTHREAD failed with the following output:
Change Dir: /home/jinwoo/pixhawk_ws/build/px4/CMakeFiles/CMakeTmp

Run Build Command(s):/usr/bin/make cmTC_fb615/fast && /usr/bin/make -f CMakeFiles/cmTC_fb615.dir/build.make CMakeFiles/cmTC_fb615.dir/build
make[1]: 디렉터리 '/home/jinwoo/pixhawk_ws/build/px4/CMakeFiles/CMakeTmp' 들어감
Building C object CMakeFiles/cmTC_fb615.dir/src.c.o
/usr/bin/cc -DcmTC_fb615_EXPORTS  -DCMAKE_HAVE_LIBC_PTHREAD -fPIE   -o CMakeFiles/cmTC_fb615.dir/src.c.o   -c /home/jinwoo/pixhawk_ws/build/px4/CMakeFiles/CMakeTmp/src.c
Linking C executable cmTC_fb615
/usr/bin/cmake -E cmake_link_script CMakeFiles/cmTC_fb615.dir/link.txt --verbose=1
/usr/bin/cc  -DCMAKE_HAVE_LIBC_PTHREAD   -fuse-ld=gold  -Wl,--export-dynamic -rdynamic CMakeFiles/cmTC_fb615.dir/src.c.o  -o cmTC_fb615 
CMakeFiles/cmTC_fb615.dir/src.c.o:src.c:function main: error: undefined reference to 'pthread_create'
CMakeFiles/cmTC_fb615.dir/src.c.o:src.c:function main: error: undefined reference to 'pthread_detach'
CMakeFiles/cmTC_fb615.dir/src.c.o:src.c:function main: error: undefined reference to 'pthread_join'
collect2: error: ld returned 1 exit status
make[1]: *** [CMakeFiles/cmTC_fb615.dir/build.make:87: cmTC_fb615] 오류 1
make[1]: 디렉터리 '/home/jinwoo/pixhawk_ws/build/px4/CMakeFiles/CMakeTmp' 나감
make: *** [Makefile:121: cmTC_fb615/fast] 오류 2


Source file was:
#include <pthread.h>

void* test_func(void* data)
{
  return data;
}

int main(void)
{
  pthread_t thread;
  pthread_create(&thread, NULL, test_func, NULL);
  pthread_detach(thread);
  pthread_join(thread, NULL);
  pthread_atfork(NULL, NULL, NULL);
  pthread_exit(NULL);

  return 0;
}

Determining if the function pthread_create exists in the pthreads failed with the following output:
Change Dir: /home/jinwoo/pixhawk_ws/build/px4/CMakeFiles/CMakeTmp

Run Build Command(s):/usr/bin/make cmTC_175ce/fast && /usr/bin/make -f CMakeFiles/cmTC_175ce.dir/build.make CMakeFiles/cmTC_175ce.dir/build
make[1]: 디렉터리 '/home/jinwoo/pixhawk_ws/build/px4/CMakeFiles/CMakeTmp' 들어감
Building C object CMakeFiles/cmTC_175ce.dir/CheckFunctionExists.c.o
/usr/bin/cc -DcmTC_175ce_EXPORTS  -DCHECK_FUNCTION_EXISTS=pthread_create -fPIE   -o CMakeFiles/cmTC_175ce.dir/CheckFunctionExists.c.o   -c /usr/share/cmake-3.16/Modules/CheckFunctionExists.c
Linking C executable cmTC_175ce
/usr/bin/cmake -E cmake_link_script CMakeFiles/cmTC_175ce.dir/link.txt --verbose=1
/usr/bin/cc  -DCHECK_FUNCTION_EXISTS=pthread_create   -fuse-ld=gold  -Wl,--export-dynamic -rdynamic CMakeFiles/cmTC_175ce.dir/CheckFunctionExists.c.o  -o cmTC_175ce  -lpthreads 
/usr/bin/ld.gold: error: cannot find -lpthreads
CMakeFiles/cmTC_175ce.dir/CheckFunctionExists.c.o:CheckFunctionExists.c:function main: error: undefined reference to 'pthread_create'
collect2: error: ld returned 1 exit status
make[1]: *** [CMakeFiles/cmTC_175ce.dir/build.make:87: cmTC_175ce] 오류 1
make[1]: 디렉터리 '/home/jinwoo/pixhawk_ws/build/px4/CMakeFiles/CMakeTmp' 나감
make: *** [Makefile:121: cmTC_175ce/fast] 오류 2



